
 make.py started: 2018-05-14 17:04:18 C:\Users\cravizza\GitHub\Aborto-Uruguay\analysis\diff_in_diff\code 




Execute:  lyx -e pdf2 "../output\table_rivera_filled.lyx"
This is pdfTeX, Version 3.14159265-2.6-1.40.18 (MiKTeX 2.9.6500 64-bit)

entering extended mode

(table_rivera_filled.tex

LaTeX2e <2017-04-15>

Babel <3.15> and hyphenation patterns for 75 language(s) loaded.



This is pdfTeX, Version 3.14159265-2.6-1.40.18 (MiKTeX 2.9.6500 64-bit)

entering extended mode

(table_rivera_filled.tex

LaTeX2e <2017-04-15>

Babel <3.15> and hyphenation patterns for 75 language(s) loaded.





Execute:  lyx -e pdf2 "../output\table_salto_filled.lyx"
This is pdfTeX, Version 3.14159265-2.6-1.40.18 (MiKTeX 2.9.6500 64-bit)

entering extended mode

(table_salto_filled.tex

LaTeX2e <2017-04-15>

Babel <3.15> and hyphenation patterns for 75 language(s) loaded.



This is pdfTeX, Version 3.14159265-2.6-1.40.18 (MiKTeX 2.9.6500 64-bit)

entering extended mode

(table_salto_filled.tex

LaTeX2e <2017-04-15>

Babel <3.15> and hyphenation patterns for 75 language(s) loaded.





Execute:  lyx -e pdf2 "../output\table_florida_filled.lyx"
This is pdfTeX, Version 3.14159265-2.6-1.40.18 (MiKTeX 2.9.6500 64-bit)

entering extended mode

(table_florida_filled.tex

LaTeX2e <2017-04-15>

Babel <3.15> and hyphenation patterns for 75 language(s) loaded.



This is pdfTeX, Version 3.14159265-2.6-1.40.18 (MiKTeX 2.9.6500 64-bit)

entering extended mode

(table_florida_filled.tex

LaTeX2e <2017-04-15>

Babel <3.15> and hyphenation patterns for 75 language(s) loaded.




 make.py ended: 2018-05-14 17:04:22
