===============================================================================
> ===================
File: ../output/main_vitals_panel.dta
Key: birth_id
===============================================================================
> ===================
  165975:35(81927):214756636:3137607741

    Variable |        Obs        Mean    Std. Dev.       Min        Max
-------------+---------------------------------------------------------
    birth_id |    165,975    402954.6    240783.4          1     834379
        anio |    165,975    2006.612    4.940414       1999       2015
       edadm |    165,975    26.35178    6.539697         16         45
        dpto |    165,975    6.693851    4.738198          2         16
dpto_resid~e |    165,342    6.764168    4.827353          1         19
-------------+---------------------------------------------------------
     married |    159,780     .355251    .4785908          0          1
 not_married |    159,780     .644749    .4785908          0          1
     partner |    159,780    .7240018    .4470173          0          1
  no_partner |    159,780    .2759982    .4470173          0          1
      single |    159,780    .3554888    .4786627          0          1
-------------+---------------------------------------------------------
 prim_school |    165,975    .6876457    .4634548          0          1
 high_school |    165,975    .1212894    .3264642          0          1
    anio_qtr |    165,975    187.9293    19.79064        156        223
    anio_sem |    165,975    93.71744    9.892564         78        111
recomm_pre~s |    164,447    .8005193    .3996112          0          1
-------------+---------------------------------------------------------
recomm_pre~t |    157,033    .4778168    .4995093          0          1
no_prenata~e |    164,447    .0325576    .1774762          0          1
first_preg~y |    165,286    .3384921    .4731982          0          1
 kids_before |    165,286    .6615079    .4731982          0          1
lowbirthwe~t |    165,051    .0615991    .2404268          0          1
-------------+---------------------------------------------------------
  apgar1_low |    163,852    .0351964    .1842765          0          1
  apgar2_low |    163,856    .0086661    .0926882          0          1
preg_preterm |    163,733    .0731068    .2603126          0          1
       young |    165,975    .7247357    .4466487          0          1
       adult |    165,975    .2752643    .4466487          0          1
-------------+---------------------------------------------------------
   age_group |    162,786    26.07216     6.26045         18         38
IS_impl_date |    165,975    17777.69    631.0345      16892      18414
     treated |    165,975    .6279741    .4833467          0          1
rel_t_anio~r |    165,975    230.0041    415.4681          0       1000
post_anio_~r |    165,975    .4066215    .4912045          0          1
-------------+---------------------------------------------------------
rel_t_anio~m |    165,975    225.4741    414.8475          0       1000
post_anio_~m |    165,975    .4186293    .4933359          0          1
  rel_t_anio |    165,975    147.6591    351.1947          0       1000
   post_anio |    165,975    .4239193    .4941793          0          1
public_hea~h |    165,975    .5029312    .4999929          0          1




===============================================================================
> ===================
File: ../output/main_vitals_panel_mvd.dta
Key: birth_id
===============================================================================
> ===================
  416207:34(101475):717096976:3601981273

    Variable |        Obs        Mean    Std. Dev.       Min        Max
-------------+---------------------------------------------------------
    birth_id |    416,207    423451.9    242920.6          6     834638
        anio |    416,207    2007.001    4.972277       1999       2015
       edadm |    416,207    27.44559    6.538166         16         45
        dpto |    416,207           1           0          1          1
dpto_resid~e |    415,610    1.989553    2.848992          1         19
-------------+---------------------------------------------------------
     married |    377,776    .3880342    .4873031          0          1
 not_married |    377,776    .6119658    .4873031          0          1
     partner |    377,776    .7902752    .4071127          0          1
  no_partner |    377,776    .2097248    .4071127          0          1
      single |    377,776    .3008185    .4586145          0          1
-------------+---------------------------------------------------------
 prim_school |    416,207    .5595365    .4964433          0          1
 high_school |    416,207    .1847614    .3881044          0          1
    anio_qtr |    416,207    189.5002     19.9193        156        223
    anio_sem |    416,207     94.5013    9.956513         78        111
recomm_pre~s |    410,226    .8046053    .3965047          0          1
-------------+---------------------------------------------------------
recomm_pre~t |    387,639    .5947673    .4909377          0          1
no_prenata~e |    410,226    .0450264    .2073623          0          1
first_preg~y |    412,677    .3870315    .4870715          0          1
 kids_before |    412,677    .6129685    .4870715          0          1
lowbirthwe~t |    414,113    .0962901    .2949891          0          1
-------------+---------------------------------------------------------
  apgar1_low |    412,715    .0552536    .2284749          0          1
  apgar2_low |    412,746    .0110383    .1044818          0          1
preg_preterm |    410,738    .1025593    .3033828          0          1
       young |    416,207    .6565795    .4748509          0          1
       adult |    416,207    .3434205    .4748509          0          1
-------------+---------------------------------------------------------
   age_group |    407,884    27.16144    6.325338         18         38
IS_impl_date |    416,207       16162           0      16162      16162
rel_t_anio~r |    416,207    504.6808     495.402          0       1000
post_anio_~r |    416,207    .6834147    .4651447          0          1
rel_t_anio~m |    416,207    502.6473    497.4097          0       1000
-------------+---------------------------------------------------------
post_anio_~m |    416,207    .6974222    .4593746          0          1
  rel_t_anio |    416,207    418.4349    490.7078          0       1000
   post_anio |    416,207    .6974222    .4593746          0          1
public_hea~h |    416,207     .342815    .4746508          0          1




