===============================================================================
> ===================
File: ../output/loc_xwalk.dta
Key: dpto loc
===============================================================================
> ===================
  99:5(103587):1892892169:3520476165

    Variable |        Obs        Mean    Std. Dev.       Min        Max
-------------+---------------------------------------------------------
        dpto |         99    10.06061    5.242717          1         19
         loc |          0
     nomloc2 |          0
    loc98_05 |          0
    loc12_14 |          0




===============================================================================
> ===================
File: ../output/clean_1998_2016
Key: numero pers anio
===============================================================================
> ===================
  2011881:74(105227):4007274593:3690317932

    Variable |        Obs        Mean    Std. Dev.       Min        Max
-------------+---------------------------------------------------------
      numero |  2,011,881    7.52e+08    9.74e+08          1   2.02e+09
        pers |  2,011,881    2.391126     1.51393          1         27
        anio |  2,011,881    2008.442    4.869226       1998       2016
      semana |    172,515    24.40658    13.83848          1         48
        dpto |  2,011,881    5.837585    5.829706          1         19
-------------+---------------------------------------------------------
        secc |  1,852,667    8.963358     16.1465          0         99
        segm |  1,852,667    58.13942    90.73962          0        845
     estrato |  2,011,881     5.67653    2.951239          1         12
      hombre |  2,011,881    .4720418    .4992179          0          1
        edad |  2,011,881    36.74193    23.45375          0         99
-------------+---------------------------------------------------------
    pobpcoac |  2,011,881     3.81857    3.213639          1         99
horas_trab~p |  2,011,881    17.62084    22.59044          0         99
horas_trab~s |  2,011,881    .8661352    4.764467          0         98
horas_trab~o |  2,011,881    18.57639    23.64626          0        180
busca_trab~o |  2,011,881    .0693992    .2541319          0          1
-------------+---------------------------------------------------------
meses_trab~o |  1,732,852     .934639    3.796047          0         80
anios_trab~o |  1,732,852    3.778004    8.104987          0         98
      ytotal |  2,011,881    8852.992    16860.12          0    7244333
     pesotri |  1,891,419     109.458    56.74707          1       1527
     pesosem |  1,772,828    54.39186    29.61631          3       1345
-------------+---------------------------------------------------------
      pesoan |  2,011,881    27.47466    14.12721          1       1323
         ccz |  1,807,450    3.922782    5.494704          0         18
         loc |          0
      nomloc |          0
  nbr_people |  2,011,881    3.782025    1.883805          1         27
-------------+---------------------------------------------------------
 nbr_above14 |  2,011,881    2.784786    1.254834          1         16
 nbr_under14 |  2,011,881    .9970977    1.285163          0         14
     y_hogar |  2,011,881    27511.72    34674.04          0    7681180
c98_resid_~e |  2,011,881    .9954247    .0674862          0          1
c98_resid_~d |  2,011,881    .6420713    .4793911          0          1
-------------+---------------------------------------------------------
c98_nbr_ro~s |  2,011,881    3.578346    1.324284          0         80
c98_nbr_be~s |  2,011,881    2.195647    .8418127          0         40
c98_b_pipe~r |  2,011,881     .952437    .2128397          0          1
c98_hhld_t~t |  2,011,881    .9119744    .2833322          0          1
c98_b_sewage |  2,011,881    .5642839    .4958505          0          1
-------------+---------------------------------------------------------
c98_hhld_s~e |  2,011,881    .9368367    .2432565          0          1
c98_hhld_h~r |  2,011,881    .8630312    .3438145          0          1
c98_hhld_r~t |  2,011,881    .8426492    .3641312          0          1
 c98_hhld_tv |  2,011,881     .952112    .2135293          0          1
c98_hhld_vcr |  2,011,881    .4787719    .4995493          0          1
-------------+---------------------------------------------------------
c98_hhld_w~c |  2,011,881    .6984961    .4589111          0          1
c98_hhld_d~r |  2,011,881    .0409105    .1980829          0          1
c98_hhld_m~e |  2,011,881    .4683035    .4989944          0          1
c98_hhld_car |  2,011,881    .3664526    .4818352          0          1
   trimestre |  2,011,881    2.497938     1.11696          1          4
-------------+---------------------------------------------------------
     married |  1,695,559    .5274868    .4992441          0          1
       etnia |  1,560,337    2.259484    .9788979          0          4
  estudiante |  2,011,881    .0626493    .2423312          0          1
     trabajo |  2,011,881    .4474072    .4972264          0          1
 y_hogar_alt |  2,011,881    27804.22    32191.49          0    7289481
-------------+---------------------------------------------------------
  anios_prim |  1,977,161    4.986875     1.93604          0          6
 anios_secun |  1,977,161    2.052253    2.405208          0          6
  anios_terc |  1,993,658    .4588781    1.412284          0         40
  anios_tecn |  1,977,161    .2488052    .7779169          0          8
  educ_level |  1,977,161    1.869964     1.00354          1          4
-------------+---------------------------------------------------------
         mes |  1,839,366    6.494094    3.444294          1         12
   trabajo_1 |  1,839,366    .4234492    .4941054          0          1
c01_hhld_c~r |  1,839,366    .5143044    .4997955          0          1
c01_hhld_i~t |  1,839,366     .350274    .4770558          0          1
c01_hhld_p~e |  1,839,366    .7160603     .450908          0          1
-------------+---------------------------------------------------------
c01_hhld_c~v |  1,839,366    .5446029    .4980067          0          1
    region_3 |  1,560,337    1.791686    .7105442          1          3
    region_4 |  1,560,337    1.874478    .8836783          1          4
     pesomen |  1,439,875    269.4868    116.7817          1       2451
 live_births |    544,628    1.037506    .6892997          0          2
-------------+---------------------------------------------------------
live_birth~r |    544,628     1.42473    1.954932          0         99
       li_06 |  1,560,337    1751.036    550.9899        898       3021
       lp_06 |  1,560,337    17719.04    9722.893       2214   132026.8
c06_mat_wa~s |  1,560,337     .971983    .1650215          0          1
c06_mat_roof |  1,560,337    .5369802    .4986308          0          1
-------------+---------------------------------------------------------
c06_mat_fl~r |  1,560,337    .7705964    .4204494          0          1
c06_b_electr |  1,560,337    .9857172    .1186542          0          1
       ccz04 |    120,462    3.528764    5.341155          0         18
       ccz10 |    120,462    3.552116    5.353865          0         18




