===============================================================================
> ===================
File: ../output/year_panel.dta
Key: anio
===============================================================================
> ===================
  36:12(94048):403980186:3939836957

    Variable |        Obs        Mean    Std. Dev.       Min        Max
-------------+---------------------------------------------------------
        anio |         36      2002.5    10.53565       1985       2020
share_wome~h |         15     .468837    .0749644   .3548088    .566233
   nat_level |         20     50287.1    3504.758      46712      58718
    nat_rate |         20    14.95363    1.241755   13.68795   18.02159
  population |         20     3366300    53666.75    3258203    3467054
-------------+---------------------------------------------------------
mm_ratio_b~l |         21    .0260007    .0019504   .0234586   .0314342
ma_mm_rati~l |         21    .0260923    .0011031   .0250474   .0282617
    mm_ratio |         31    .0140873    .0054469    .004896    .028083
 ma_mm_ratio |         31    .0139923    .0032246   .0085059   .0208528
         pop |         25     3394195     74761.3    3258203    3530912
-------------+---------------------------------------------------------
   women_pop |         25     1751327    39389.47    1675750    1819421
fertile_wo~p |         25    724458.6    16454.17   700596.4   751188.8




