===============================================================================
> ===================
File: ../output/clean_loc_2001_2016.dta
Key: numero pers anio
===============================================================================
> ===================
  1710486:85(100147):1997556026:589545589

    Variable |        Obs        Mean    Std. Dev.       Min        Max
-------------+---------------------------------------------------------
      numero |  1,710,486    8.36e+08    9.92e+08          1   2.02e+09
        pers |  1,710,486    2.376794    1.503466          1         25
        anio |  1,710,486    2009.343    4.144144       2001       2016
   inflation |  1,710,486    8.273495    3.563895       3.59      25.94
    cpi_2006 |  1,710,486    135.5327    42.76078   54.72384   217.6432
-------------+---------------------------------------------------------
      semana |          0
        dpto |  1,710,486    5.712008    5.809447          1         19
        secc |  1,641,594    9.084292    16.31907          0         99
        segm |  1,641,594    58.71646    91.12505          0        845
     estrato |  1,710,486     5.56798    2.970241          1         12
-------------+---------------------------------------------------------
      hombre |  1,710,486    .4681652    .4989857          0          1
        edad |  1,710,486    36.79662    23.48919          0         99
    pobpcoac |  1,710,486    3.823276    3.206703          1         11
horas_trab~p |  1,710,486    17.39364    22.23241          0         99
horas_trab~s |  1,710,486    .8916115    4.810304          0         98
-------------+---------------------------------------------------------
horas_trab~o |  1,710,225    18.27123    23.28222          0         99
busca_trab~o |  1,710,486    .0759141    .2648607          0          1
meses_trab~o |  1,431,463    .3423372    1.422152          0         80
anios_trab~o |  1,431,463    3.980527    8.167336          0         98
      ytotal |  1,710,486     9452.72    17720.94          0    7244333
-------------+---------------------------------------------------------
     pesotri |  1,709,184    105.9654    50.02961          1       1527
     pesosem |  1,597,607    52.57471     26.4189          3       1345
      pesoan |  1,710,486    26.61043      12.967          1       1323
         ccz |  1,710,486    3.942653    5.511817          0         18
      nomloc |          0
-------------+---------------------------------------------------------
  nbr_people |  1,710,486    3.753415    1.872965          1         25
 nbr_above14 |  1,710,486    2.767848    1.249137          1         16
 nbr_under14 |  1,710,486    .9853755    1.274995          0         13
     y_hogar |  1,710,486    29063.75    36371.65          0    7681180
c98_resid_~e |  1,710,486    .9967904    .0565625          0          1
-------------+---------------------------------------------------------
c98_resid_~d |  1,710,486    .6438451    .4788619          0          1
c98_nbr_ro~s |  1,710,486    3.577393    1.304427          1         80
c98_nbr_be~s |  1,710,486    2.190597    .8312105          1         40
c98_b_pipe~r |  1,710,486    .9665797    .1797315          0          1
c98_hhld_t~t |  1,710,486    .9235896    .2656538          0          1
-------------+---------------------------------------------------------
c98_b_sewage |  1,710,486    .6031724    .4892398          0          1
c98_hhld_s~e |  1,710,486    .9436301    .2306348          0          1
c98_hhld_h~r |  1,710,486    .8798353    .3251541          0          1
c98_hhld_r~t |  1,710,486    .8316777    .3741524          0          1
 c98_hhld_tv |  1,710,486    .9598664    .1962726          0          1
-------------+---------------------------------------------------------
c98_hhld_vcr |  1,710,486    .4948909     .499974          0          1
c98_hhld_w~c |  1,710,486     .719658    .4491664          0          1
c98_hhld_d~r |  1,710,486    .0424739    .2016678          0          1
c98_hhld_m~e |  1,710,486    .5047595    .4999775          0          1
c98_hhld_car |  1,710,486    .3577287    .4793319          0          1
-------------+---------------------------------------------------------
   trimestre |  1,710,486    2.498075    1.117025          1          4
     married |  1,420,544    .5307995    .4990507          0          1
       etnia |  1,431,463    2.291132    .9704668          0          4
  estudiante |  1,710,486    .0699111    .2549972          0          1
     trabajo |  1,710,486     .446925    .4971752          0          1
-------------+---------------------------------------------------------
 y_hogar_alt |  1,710,486    29503.43    33568.92          0    7289481
  anios_prim |  1,693,981    4.977679    1.958824          0          6
 anios_secun |  1,693,981    2.140683     2.42439          0          6
  anios_terc |  1,710,478    .4854754    1.454612          0         40
  anios_tecn |  1,693,981    .2578884     .783182          0          8
-------------+---------------------------------------------------------
  educ_level |  1,693,981    1.906642    1.015593          1          4
         mes |  1,710,486    6.493169    3.444754          1         12
   trabajo_1 |  1,710,486    .4191785    .4934248          0          1
c01_hhld_c~r |  1,710,486    .5257202    .4993382          0          1
c01_hhld_i~t |  1,710,486    .3633944    .4809772          0          1
-------------+---------------------------------------------------------
c01_hhld_p~e |  1,710,486    .7215955    .4482137          0          1
c01_hhld_c~v |  1,710,486    .5669289    .4955004          0          1
    region_3 |  1,431,463    1.682926     .638033          1          3
    region_4 |  1,431,463    1.683443    .6395034          1          4
     pesomen |  1,316,991    276.1408    110.0983          1       2451
-------------+---------------------------------------------------------
 live_births |    475,328    1.039613    .6913098          0          2
live_birth~r |    475,328    1.412622    1.940563          0         65
       li_06 |  1,706,934    1719.511    529.8654   548.3328       3021
       lp_06 |  1,706,934    17940.45     9376.98   2596.651   132026.8
c06_mat_wa~s |  1,431,463    .9736368    .1602131          0          1
-------------+---------------------------------------------------------
c06_mat_roof |  1,431,463    .5677583    .4953877          0          1
c06_mat_fl~r |  1,431,463    .7912199    .4064371          0          1
c06_b_electr |  1,431,463    .9961228     .062146          0          1
    loc_code |          0
        poor |  1,710,486    .3767339    .4845674          0          1
-------------+---------------------------------------------------------
   indigente |  1,710,486    .0114137    .1062236          0          1
 ind_under14 |  1,710,486    .5124608    .4998449          0          1
work_part_~e |    764,459     .269295    .4435938          0          1
    semestre |  1,710,486    1.499258    .4999996          1          2
    anio_sem |  1,710,486    99.18467    8.303561         82        113
-------------+---------------------------------------------------------
    anio_qtr |  1,710,486    198.8689    16.61422        164        227
educ_anios~n |    153,759    2.691199     1.98535          0          6
educ_anios~c |    103,983    1.924555    1.822042          0         40
educ_HS_di~a |     97,146    .1144463    .3183542          0          1
educ_some_~e |    103,834    .7332473    .4422642          0          1




