
 make.py started: 2019-09-03 17:17:24 C:\Users\dgentil1\Desktop\aborto_uru_repo\Aborto-Uruguay\base\Geo_Xwalk\code 




Execute:  "C:\Program Files (x86)\Stata14\StataSE-64.exe" /e do "./create_loc_Xwalk.do"

  ___  ____  ____  ____  ____ (R)
 /__    /   ____/   /   ____/
___/   /   /___/   /   /___/   14.2   Copyright 1985-2015 StataCorp LLC
  Statistics/Data Analysis            StataCorp
                                      4905 Lakeway Drive
     Special Edition                  College Station, Texas 77845 USA
                                      800-STATA-PC        http://www.stata.com
                                      979-696-4600        stata@stata.com
                                      979-696-4601 (fax)

110-user Stata network perpetual license:
       Serial number:  401406206058
         Licensed to:  CIS Department
                       Brown University

Notes:
      1.  Stata is running in batch mode.
      2.  Unicode is supported; see help unicode_advice.
      3.  Maximum number of variables is set to 5000; see help set_maxvar.

. do ./create_loc_Xwalk.do 

. clear all

. set more off

. adopath + ../../../library/stata/gslab_misc/ado
  [1]  (BASE)      "C:\Program Files (x86)\Stata14\ado\base/"
  [2]  (SITE)      "C:\Program Files (x86)\Stata14\ado\site/"
  [3]              "."
  [4]  (PERSONAL)  "c:\ado\personal/"
  [5]  (PLUS)      "c:\ado\plus/"
  [6]  (OLDPLACE)  "c:\ado/"
  [7]              "../../../library/stata/gslab_misc/ado"

. 
. program main 
  1.     import excel ../../../raw/lista_homogen_codes_geo.xlsx, sheet("Sheet1"
> ) ///
>         cellrange(B1:F100) firstrow clear
  2.     rename (codigodpto localidad codigo98_2005 codigo_2006_2011 codigo_201
> 2_2014) ///
>         (dpto nomloc2 loc98_05 loc loc12_14)
  3.     save_data ../output/loc_xwalk.dta, key(dpto loc) replace
  4. end

. 
. * EXECUTE
. main
(data now sorted by dpto loc)
  (0 bytes saved)
===============================================================================
> ===================
File: ../output/loc_xwalk.dta
Key: dpto loc
===============================================================================
> ===================
  99:5(103587):1892892169:3520476165

    Variable |        Obs        Mean    Std. Dev.       Min        Max
-------------+---------------------------------------------------------
        dpto |         99    10.06061    5.242717          1         19
         loc |          0
     nomloc2 |          0
    loc98_05 |          0
    loc12_14 |          0




(note: file ../output/loc_xwalk.dta not found)
file ../output/loc_xwalk.dta saved

. 
end of do-file

 make.py ended: 2019-09-03 17:17:25
