===============================================================================
> ===================
File: ../output/clean_loc_2001_2016.dta
Key: numero pers anio
===============================================================================
> ===================
  1710486:69(47588):1363005679:321728613

    Variable |        Obs        Mean    Std. Dev.       Min        Max
-------------+---------------------------------------------------------
      numero |  1,710,486    8.36e+08    9.92e+08          1   2.02e+09
        pers |  1,710,486    2.376794    1.503466          1         25
        anio |  1,710,486    2009.343    4.144144       2001       2016
   inflation |  1,710,486    8.273495    3.563895       3.59      25.94
    cpi_2006 |  1,710,486    135.5327    42.76078   54.72384   217.6432
-------------+---------------------------------------------------------
        dpto |  1,710,486    5.712008    5.809447          1         19
        secc |  1,641,594    9.084292    16.31907          0         99
        segm |  1,641,594    58.71646    91.12505          0        845
         loc |          0
      nomloc |          0
-------------+---------------------------------------------------------
         ccz |  1,710,486    3.942653    5.511817          0         18
         mes |  1,710,486    6.493169    3.444754          1         12
     estrato |  1,710,486     5.56798    2.970241          1         12
      pesoan |  1,710,486    26.61043      12.967          1       1323
     pesosem |  1,484,461    52.49302    27.27078          3       1345
-------------+---------------------------------------------------------
     pesotri |  1,596,038      105.87    51.49771          1       1527
      hombre |  1,710,486    .4681652    .4989857          0          1
        edad |  1,710,486    36.79662    23.48919          0         99
horas_trab~p |  1,710,486    15.53235     21.4424          0         99
horas_trab~s |  1,710,486     2.80454    10.46661          0         99
-------------+---------------------------------------------------------
busca_trab~o |  1,710,486    .0759141    .2648607          0          1
      ytotal |  1,710,486     9452.72    17720.94          0    7244333
 nbr_above14 |  1,710,486     2.50995    2.068164          0         98
  nbr_people |  1,710,486    3.753415    1.872965          1         25
 nbr_under14 |  1,710,486    .9853755    1.274995          0         13
-------------+---------------------------------------------------------
     y_hogar |  1,710,486    29063.75    36371.65          0    7681180
c98_resid_~e |  1,710,486    .9967904    .0565625          0          1
c98_resid_~d |  1,710,486    .6438451    .4788619          0          1
c98_nbr_ro~s |  1,710,486    3.577393    1.304427          1         80
c98_nbr_be~s |  1,710,486    2.190597    .8312105          1         40
-------------+---------------------------------------------------------
c98_b_pipe~r |  1,710,486    .9665797    .1797315          0          1
c98_hhld_t~t |  1,710,486    .9235896    .2656538          0          1
c98_b_sewage |  1,710,486    .6031724    .4892398          0          1
c98_hhld_s~e |  1,710,486    .9436301    .2306348          0          1
c98_hhld_h~r |  1,710,486    .8798353    .3251541          0          1
-------------+---------------------------------------------------------
c98_hhld_r~t |  1,710,486    .8316777    .3741524          0          1
 c98_hhld_tv |  1,710,486    .9598664    .1962726          0          1
c98_hhld_vcr |  1,710,486    .4948909     .499974          0          1
c98_hhld_w~c |  1,710,486     .719658    .4491664          0          1
c98_hhld_d~r |  1,710,486    .0424739    .2016678          0          1
-------------+---------------------------------------------------------
c98_hhld_m~e |  1,710,486    .5047595    .4999775          0          1
c98_hhld_car |  1,710,486    .3577287    .4793319          0          1
c01_hhld_c~r |  1,710,486    .5257202    .4993382          0          1
c01_hhld_i~t |  1,710,486    .3633944    .4809772          0          1
c01_hhld_p~e |  1,710,486    .7215955    .4482137          0          1
-------------+---------------------------------------------------------
c01_hhld_c~v |  1,710,486    .5669289    .4955004          0          1
health_ins~e |  1,710,486    2.826182    1.509625          0          5
public_hea~h |  1,710,486     .320164    .4665395          0          1
      blanco |  1,431,463    .9568462    .2032032          0          1
   trimestre |  1,710,486    2.498075    1.117025          1          4
-------------+---------------------------------------------------------
     married |  1,420,544    .5307995    .4990507          0          1
  estudiante |  1,710,486    .0699111    .2549972          0          1
     trabajo |  1,710,486     .446925    .4971752          0          1
horas_trab~o |  1,710,387    18.33153    23.17054          0        100
     pesomen |  1,316,991    276.1408    110.0983          1       2451
-------------+---------------------------------------------------------
       li_06 |  1,485,026    1786.048    534.5349       1002       3021
       lp_06 |  1,485,026     18476.6    9671.025       3274   132026.8
c06_mat_wa~s |  1,431,463    .9736368    .1602131          0          1
c06_mat_roof |  1,431,463    .5677583    .4953877          0          1
c06_mat_fl~r |  1,431,463    .7912199    .4064371          0          1
-------------+---------------------------------------------------------
c06_b_electr |  1,431,463    .9961228     .062146          0          1
    loc_code |  1,710,486    582044.2    588218.4          3    1931000
        poor |  1,710,486    .4328916    .4954761          0          1
   indigente |  1,710,486    .2655783    .4416408          0          1
 ind_under14 |  1,710,486    .5124608    .4998449          0          1
-------------+---------------------------------------------------------
work_part_~e |    764,459    .2723599    .4451744          0          1
    semestre |  1,710,486    1.499258    .4999996          1          2
    anio_sem |  1,710,486    99.18467    8.303561         82        113
    anio_qtr |  1,710,486    198.8689    16.61422        164        227




