===============================================================================
> ===================
File: ../output/ech_final_98_2016.dta
Key: numero pers anio
===============================================================================
> ===================
  1883001:131(93461):3837224207:4112663661

    Variable |        Obs        Mean    Std. Dev.       Min        Max
-------------+---------------------------------------------------------
      numero |  1,883,001    7.60e+08    9.76e+08          1   2.02e+09
        pers |  1,883,001    2.394427    1.518971          1         27
        anio |  1,883,001    2008.396    4.955077       1998       2016
   inflation |  1,883,001    8.059312    3.511605       3.59      25.94
    cpi_2006 |  1,883,001    127.7241    47.60114   48.00595   217.6432
-------------+---------------------------------------------------------
      semana |    172,515    24.40658    13.83848          1         48
        dpto |  1,883,001    5.627094    5.785383          1         19
        secc |  1,730,140    9.575127    16.53226          0         99
        segm |  1,730,140     61.8744    92.31873          0        845
     estrato |  1,883,001    5.492968     2.93876          1         12
-------------+---------------------------------------------------------
      hombre |  1,883,001    .4683386    .4989967          0          1
        edad |  1,883,001    36.69248    23.47308          0         99
    pobpcoac |  1,883,001     3.83691    3.223087          1         99
horas_trab~p |  1,883,001    17.30703    22.32703          0         99
horas_trab~s |  1,883,001    .8808381    4.793823          0         98
-------------+---------------------------------------------------------
horas_trab~o |  1,882,740    18.27068    23.39412          0         99
busca_trab~o |  1,883,001    .0717796    .2581226          0          1
meses_trab~o |  1,603,978    .9879306    3.922381          0         80
anios_trab~o |  1,603,978    3.595337    7.811246          0         98
      ytotal |  1,883,001     8963.94    17118.72          0    7244333
-------------+---------------------------------------------------------
     pesotri |  1,872,586     112.356    54.35323          1       1527
     pesosem |  1,761,009    55.98618    28.46612          3       1345
      pesoan |  1,883,001    28.17228    13.90951          1       1323
         ccz |  1,799,032    4.177422    5.575519          0         18
      nomloc |          0
-------------+---------------------------------------------------------
  nbr_people |  1,883,001    3.788625    1.892648          1         27
 nbr_above14 |  1,883,001    2.790203    1.261856          1         16
 nbr_under14 |  1,883,001    .9982677    1.287109          0         14
     y_hogar |  1,883,001       27942    35279.14          0    7681180
c98_resid_~e |  1,883,001     .995333     .068156          0          1
-------------+---------------------------------------------------------
c98_resid_~d |  1,883,001    .6481627    .4775436          0          1
c98_nbr_ro~s |  1,883,001    3.574194    1.311938          0         80
c98_nbr_be~s |  1,883,001    2.195521    .8372966          0         40
c98_b_pipe~r |  1,883,001    .9650021    .1837744          0          1
c98_hhld_t~t |  1,883,001    .9231094    .2664178          0          1
-------------+---------------------------------------------------------
c98_b_sewage |  1,883,001    .6019636    .4894932          0          1
c98_hhld_s~e |  1,883,001    .9487366    .2205345          0          1
c98_hhld_h~r |  1,883,001    .8768014    .3286651          0          1
c98_hhld_r~t |  1,883,001     .843982    .3628725          0          1
 c98_hhld_tv |  1,883,001    .9618635    .1915257          0          1
-------------+---------------------------------------------------------
c98_hhld_vcr |  1,883,001    .4869907    .4998309          0          1
c98_hhld_w~c |  1,883,001    .7094075    .4540359          0          1
c98_hhld_d~r |  1,883,001    .0426776    .2021293          0          1
c98_hhld_m~e |  1,883,001     .480355    .4996141          0          1
c98_hhld_car |  1,883,001    .3550816    .4785382          0          1
-------------+---------------------------------------------------------
   trimestre |  1,883,001    2.497624    1.117098          1          4
     married |  1,593,059    .5195464     .499618          0          1
       etnia |  1,431,463    2.291132    .9704668          0          4
  estudiante |  1,883,001    .0635061     .243871          0          1
     trabajo |  1,883,001    .4440821    .4968635          0          1
-------------+---------------------------------------------------------
 y_hogar_alt |  1,883,001    28125.33    32693.99          0    7289481
  anios_prim |  1,848,281    5.005129    1.924656          0          6
 anios_secun |  1,848,281    2.119509    2.420579          0          6
  anios_terc |  1,864,778    .4804164    1.443628          0         40
  anios_tecn |  1,848,281     .256131    .7879275          0          8
-------------+---------------------------------------------------------
  educ_level |  1,848,281    1.898372     1.01154          1          4
         mes |  1,710,486    6.493169    3.444754          1         12
   trabajo_1 |  1,710,486    .4191785    .4934248          0          1
c01_hhld_c~r |  1,710,486    .5257202    .4993382          0          1
c01_hhld_i~t |  1,710,486    .3633944    .4809772          0          1
-------------+---------------------------------------------------------
c01_hhld_p~e |  1,710,486    .7215955    .4482137          0          1
c01_hhld_c~v |  1,710,486    .5669289    .4955004          0          1
    region_3 |  1,431,463    1.682926     .638033          1          3
    region_4 |  1,431,463    1.683443    .6395034          1          4
     pesomen |  1,316,991    276.1408    110.0983          1       2451
-------------+---------------------------------------------------------
 live_births |    475,328    1.039613    .6913098          0          2
live_birth~r |    475,328    1.412622    1.940563          0         65
       li_06 |  1,874,567    1621.027    582.7457   363.3281       3021
       lp_06 |  1,874,567    16984.56    9365.237   1585.694   132026.8
c06_mat_wa~s |  1,431,463    .9736368    .1602131          0          1
-------------+---------------------------------------------------------
c06_mat_roof |  1,431,463    .5677583    .4953877          0          1
c06_mat_fl~r |  1,431,463    .7912199    .4064371          0          1
c06_b_electr |  1,431,463    .9961228     .062146          0          1
    loc_code |          0
        poor |  1,883,001    .3720444    .4833503          0          1
-------------+---------------------------------------------------------
   indigente |  1,883,001    .0129841    .1132055          0          1
 ind_under14 |  1,883,001    .5156837    .4997541          0          1
work_part_~e |    836,207    .2665452    .4421528          0          1
    semestre |  1,883,001    1.499135    .4999994          1          2
    anio_sem |  1,883,001    97.29061    9.923175         76        113
-------------+---------------------------------------------------------
    anio_qtr |  1,883,001    195.0806    19.85271        152        227
educ_anios~n |    171,265    2.669699    2.002579          0          6
educ_anios~c |    113,035    1.916999    1.827092          0         40
educ_HS_di~a |    109,139    .1157881    .3199721          0          1
educ_some_~e |    112,886    .7242528     .446892          0          1
-------------+---------------------------------------------------------
impl_date_~o |  1,511,226    16501.66    753.6664      16162      18414
         yob |  1,883,001    1971.703    23.86183       1900       2016
   age_young |  1,883,001    .2115002    .4083723          0          1
   age_adult |  1,883,001    .1891364     .391617          0          1
 age_placebo |  1,883,001    .1724811    .3777981          0          1
-------------+---------------------------------------------------------
 age_fertile |  1,079,181    .6990477    .4586722          0          1
   age_group |    754,399    29.88659    8.682937         18         43
treatment~ra |     29,981    .3838765    .4863365          0          1
treatment~to |     31,092    .4051203    .4909232          0          1
treatment~da |     22,634     .326986    .4691224          0          1
-------------+---------------------------------------------------------
   treatment |    140,356    .5770612    .4940276          0          1
tre~ra_young |     15,461    .3796003    .4853031          0          1
trea~o_young |     16,591    .4134169    .4924612          0          1
tre~da_young |     11,401    .3346198    .4718781          0          1
trea~t_young |     70,826    .5774574    .4939674          0          1
-------------+---------------------------------------------------------
tre~ra_adult |     14,520    .3884298    .4874099          0          1
trea~o_adult |     14,501    .3956279     .489002          0          1
tre~da_adult |     11,233     .319238    .4662021          0          1
trea~t_adult |     69,530    .5766576    .4940922          0          1
t~ra_placebo |     13,100     .378626    .4850632          0          1
-------------+---------------------------------------------------------
tr~o_placebo |     13,584    .4040783    .4907308          0          1
t~da_placebo |     10,782    .3179373    .4656966          0          1
tr~t_placebo |     61,926    .5704551    .4950152          0          1
placebo_ri~a |     69,474    .3803869    .4854854          0          1
placebo_sa~o |     73,974    .3965853    .4891918          0          1
-------------+---------------------------------------------------------
placebo_fl~a |     55,194    .3224445    .4674163          0          1
  age_rivera |  1,883,001    38.29674    23.86183         -6        110
under14_ri~a |  1,883,001    .1776393    .3822089          0          1
nbr_under~ra |  1,883,001    .8553782    1.184496          0         13
 kids_rivera |  1,883,001    .4663396    .4988658          0          1
-------------+---------------------------------------------------------
   age_salto |  1,883,001    41.29674    23.86183         -3        113
under14_sa~o |  1,883,001    .1400297    .3470179          0          1
nbr_under1~o |  1,883,001    .6695312    1.042121          0         11
  kids_salto |  1,883,001    .3909525    .4879639          0          1
 age_florida |  1,883,001    36.29674    23.86183         -8        108
-------------+---------------------------------------------------------
under14_fl~a |  1,883,001    .1984731    .3988503          0          1
nbr_under~da |  1,883,001    .9563463      1.2566          0         14
kids_florida |  1,883,001    .5023986    .4999944          0          1
 kids_before |  1,325,223    .5217824    .4995255          0          1
     age_mvd |  1,883,001    32.29674    23.86183        -12        104
-------------+---------------------------------------------------------
 under14_mvd |  1,883,001    .2231385    .4163506          0          1
nbr_under1~d |  1,883,001    1.061916    1.304337          0         15
      female |  1,883,001    .5316614    .4989967          0          1
      single |  1,593,059    .4804536     .499618          0          1
       lowed |  1,848,281    .4338594    .4956062          0          1
-------------+---------------------------------------------------------
       young |    754,399    .5279103    .4992207          0          1




