
 make.py started: 2018-05-17 15:41:00 C:\Users\dgentil1\Desktop\aborto_uru_repo\Aborto-Uruguay\assign_treatment\code 




Execute:  "C:\Program Files (x86)\Stata14\StataSE-64.exe" /e do "./assign_treatment.do"

  ___  ____  ____  ____  ____ (R)
 /__    /   ____/   /   ____/
___/   /   /___/   /   /___/   14.2   Copyright 1985-2015 StataCorp LLC
  Statistics/Data Analysis            StataCorp
                                      4905 Lakeway Drive
     Special Edition                  College Station, Texas 77845 USA
                                      800-STATA-PC        http://www.stata.com
                                      979-696-4600        stata@stata.com
                                      979-696-4601 (fax)

110-user Stata network perpetual license:
       Serial number:  401406206058
         Licensed to:  CIS Department
                       Brown University

Notes:
      1.  Stata is running in batch mode.
      2.  Unicode is supported; see help unicode_advice.
      3.  Maximum number of variables is set to 5000; see help set_maxvar.

. do ./assign_treatment.do 

. clear all

. set more off

. adopath + ../../library/stata/gslab_misc/ado
  [1]  (BASE)      "C:\Program Files (x86)\Stata14\ado\base/"
  [2]  (SITE)      "C:\Program Files (x86)\Stata14\ado\site/"
  [3]              "."
  [4]  (PERSONAL)  "c:\ado\personal/"
  [5]  (PLUS)      "c:\ado\plus/"
  [6]  (OLDPLACE)  "c:\ado/"
  [7]              "../../library/stata/gslab_misc/ado"

. 
. program main_assign_treatment
  1.     do ../../analysis/globals.do
  2.     clean_impl_date
  3.     assign_treatment_births
  4.     assign_treatment_ech
  5. end

. 
. program clean_impl_date
  1.         import excel ..\..\raw\timeline_implementation.xlsx, clear firstro
> w cellrange(D1:E14)
  2.         keep if !mi(impl_date)
  3.         bys dpto: egen impl_date_dpto = min(impl_date)
  4.         format %td impl_date_dpto
  5.         keep *dpto
  6.         duplicates drop
  7.         save_data ..\temp\timeline_implementation.dta, key(dpto) replace
  8. end

. 
. program new_age_vars
  1. syntax, age_var(string)
  2.         assert !mi(`age_var')
  3.         gen yob = anio - `age_var'
  4.         gen age_young   = inrange(`age_var',16,30)
  5.         gen age_adult   = inrange(`age_var',31,45)
  6.         gen age_placebo = inrange(`age_var',46,60)
  7.         gen fertile_age = inrange(`age_var',16,45) if inrange(`age_var',16
> ,60)
  8.         egen    age_group = cut(`age_var') , at(16(5)50)
  9.         replace age_group = age_group+2
 10. 
.         lab def age_young                 0 "Age: 31-45"             1 "Age: 
> 16-30"
 11.         lab val age_young                 age_young
 12. end

. 
. program assign_treatment_births
  1.         use ..\..\derived\output\births_derived.dta, clear
  2.         merge m:1 dpto using ..\temp\timeline_implementation.dta, assert(1
>  3) nogen
  3.         new_age_vars, age_var(edadm)
  4.         rename yob yobm
  5. 
.         * TC groups
.         local restr         ""
  6.         local restr_young   " & age_young==1"
  7.         local restr_adult   " & age_young==0"
  8.         foreach age_group in "" "_young" "_adult" {
  9.                 gen treatment_rivera`age_group' =  (depar == 13 `restr`age
> _group'') if inlist(depar,13,1,3)
 10.                 gen treatment_salto`age_group'  =  (depar == 15 `restr`age
> _group'') if inlist(depar,15,11,12)
 11.                 lab define treatment_rivera`age_group' 0 "Control`age_grou
> p'" 1 "Rivera`age_group'" 
 12.                 lab define treatment_salto`age_group' 0 "Control`age_group
> '" 1 "Salto`age_group'" 
 13.         }
 14. 
.         preserve
 15.                 replace edadm = 15 if inrange(edadm,0,14)
 16.                 replace edadm = 49 if inrange(edadm,50,99)
 17.                 keep if inrange(edadm,15,49) 
 18.                 egen age_group15 = cut(edadm) ,at(15(5)50)
 19.                 bys age_group15: egen age_min = min(edadm)
 20.                 bys age_group15: egen age_max = max(edadm)
 21.                 save "..\output\births15.dta", replace
 22.         restore
 23. 
.         keep if inrange(edadm,16,45)
 24.         save "..\output\births.dta", replace
 25. end

. 
. program assign_treatment_ech
  1.     use ..\..\derived\output\clean_loc_1998_2016.dta, clear 
  2.         merge m:1 dpto using ..\temp\timeline_implementation.dta, assert(1
>  3) nogen
  3.         new_age_vars, age_var(edad)
  4. 
.         * Variables for the triple diff
.         gen female      = (hombre==0)             if !mi(hombre)
  5.         gen single      = (married==0)            if !mi(married)
  6.         gen lowed       = (educ_level==1)         if !mi(educ_level)
  7.         gen young       = (inrange(edad, 16, 30)) if inrange(edad,16,45)
  8.         
.         foreach city in rivera salto florida {
  9.                 gen age_`city'     = ${y_date_`city'} - yob
 10.                 gen under14_`city' = (inrange(age_`city',0,14))
 11.                 bys anio numero: egen nbr_under14_`city' = total(under14_`
> city')
 12.                 gen kids_`city' = (nbr_under14_`city' > 0)
 13.         }
 14.         
.         * TC groups
.         local restr         " & inrange(edad, 16, 45)"
 15.         local restr_young   " & age_young==1 "
 16.         local restr_adult   " & age_adult==1 "
 17.         local restr_placebo " & age_placebo==1 "
 18. 
.         foreach age_group in "" "_young" "_adult" "_placebo" {
 19.                 local value = 0
 20.                 foreach var in treatment placebo {
 21.                         if "`var'"=="placebo" & inlist("`age_group'","_you
> ng","_adult","_placebo") {
 22.                                 continue
 23.                         }
 24.                         else {
 25.                                 local subsample " hombre == `value'  `rest
> r`age_group''"
 26.                                 *gen `var'`age_group'_rivera  = (loc_code 
> == 1313020) if (inlist(loc_code,1313020,431050,202020)   & `subsample') //*ri
> o branco 431050 *artigas    202020
.                                 *gen `var'`age_group'_salto   = (loc_code == 
> 1515020) if (inlist(loc_code,1515020,1111020,1212020) & `subsample') //*paysa
> ndu 1111020  *fray bentos 1212020
.                                 *gen `var'`age_group'_florida = (loc_code == 
> 808220)  if (inlist(loc_code,808220,505320,707320)    & `subsample')
. 
.                                 gen `var'`age_group'_rivera_c  = (loc_code ==
>  1313020) if (inlist(loc_code,1313020,431050,202020)   & `subsample') //*rio 
> branco 431050 *artigas    202020
 27.                                 gen `var'`age_group'_salto_c   = (loc_code
>  == 1515020) if (inlist(loc_code,1515020,1111020,1212020) & `subsample') //*p
> aysandu 1111020  *fray bentos 1212020
 28.                                 gen `var'`age_group'_florida_c = (loc_code
>  == 808220)  if (inlist(loc_code,808220,505320,707320)    & `subsample')
 29. 
.                                 gen `var'`age_group'_rivera_s  = (dpto == 13)
>  if (inlist(dpto,13,4,2)   & `subsample')
 30.                                 gen `var'`age_group'_salto_s   = (dpto == 
> 15) if (inlist(dpto,15,11,12) & `subsample')
 31.                                 gen `var'`age_group'_florida_s = (dpto == 
> 8)  if (inlist(dpto,8,5,7)    & `subsample')
 32.                         }
 33.                         local value = 1
 34.                 }
 35.         }
 36. 
.     save_data ..\output\ech_final_98_2016.dta, key(numero pers anio) replace 
 37. end

. 
. main_assign_treatment

.     * Dates of treatments
.     global m_date_mvd     "2004m4"

.     global m_date_florida "2008m8"

.     global m_date_rivera  "2010m6"

.     global m_date_salto   "2013m1"

.     
.     global q_date_mvd     "2004q2"

.     global q_date_florida "2008q3"

.     global q_date_rivera  "2010q3"

.     global q_date_salto   "2013q1"

.     
.     global s_date_mvd     "2004h1"

.     global s_date_florida "2008h2"

.     global s_date_rivera  "2010h2"

.     global s_date_salto   "2013h1"

.     
.     global y_date_mvd     2004 

.     global y_date_florida 2008

.     global y_date_rivera  2010 

.     global y_date_salto   2013 

. 
.     * Ranges
.     global m_pre  48

.     global m_post 24

.     global q_pre  16

.     global q_post 12

.     global s_pre  8

.     global s_post 4

.     global y_pre  4

.     global y_post 2

. 
.     * Ranges SCM (to build synth control)
.     global q_scm_pre  30

.     global q_scm_post 16

.     global s_scm_pre  20

.     global s_scm_post 8

.     global y_scm_pre  10

.     global y_scm_post 4

. 
.     *Lag list (related to Ranges SCM)
.     global q_lag_list " 8 9 10 11 12 13 14 15 16" //`" 1 3 5 7 "'

.     global s_lag_list " 8 9 10 11 12 13 14 15 16 17 18 19 20 " //`" 5 6 7 8 9
>  10 11 12 "'

.     global y_lag_list " 2 3 4 5 6 7 " //`" 3 4 5 6 "'

. 
.     * Legends
.     global legend_mvd    = "Montevideo"

.     global legend_rivera = "Rivera"

.     global legend_salto  = "Salto"

.     global legend_florida  = "Florida"

. 
end of do-file
(3 observations deleted)

Duplicates in terms of all variables

(5 observations deleted)
(data already sorted by dpto)
  variable impl_date_dpto was float now int
  (10 bytes saved)
===============================================================================
> ===================
File: ..\temp\timeline_implementation.dta
Key: dpto
===============================================================================
> ===================
  5:2(101657):3244004639:1048402393

    Variable |        Obs        Mean    Std. Dev.       Min        Max
-------------+---------------------------------------------------------
        dpto |          5         8.2    6.379655          1         16
impl_date_~o |          5     17373.2    865.7868      16162      18414




(note: file ..\temp\timeline_implementation.dta not found)
file ..\temp\timeline_implementation.dta saved

    Result                           # of obs.
    -----------------------------------------
    not matched                       314,754
        from master                   314,754  
        from using                          0  

    matched                           519,919  
    -----------------------------------------
(20,400 missing values generated)
(21056 missing values generated)
(813,617 real changes made)
(760,421 missing values generated)
(748,345 missing values generated)
(760,421 missing values generated)
(748,345 missing values generated)
(760,421 missing values generated)
(748,345 missing values generated)
(3,259 real changes made)
(7,855 real changes made)
(0 observations deleted)
(note: file ..\output\births15.dta not found)
file ..\output\births15.dta saved
(21,056 observations deleted)
(note: file ..\output\births.dta not found)
file ..\output\births.dta saved

    Result                           # of obs.
    -----------------------------------------
    not matched                       581,765
        from master                   581,765  
        from using                          0  

    matched                         1,177,344  
    -----------------------------------------
(746,950 missing values generated)
(1051009 missing values generated)
(708,100 real changes made)
(262,113 missing values generated)
(1,051,009 missing values generated)
(1,742,232 missing values generated)
(1,733,846 missing values generated)
(1,747,829 missing values generated)
(1,732,505 missing values generated)
(1,731,367 missing values generated)
(1,739,749 missing values generated)
(1,744,131 missing values generated)
(1,735,727 missing values generated)
(1,748,543 missing values generated)
(1,735,391 missing values generated)
(1,733,283 missing values generated)
(1,740,820 missing values generated)
(1,750,442 missing values generated)
(1,745,631 missing values generated)
(1,753,366 missing values generated)
(1,745,407 missing values generated)
(1,744,281 missing values generated)
(1,749,320 missing values generated)
(1,750,899 missing values generated)
(1,747,324 missing values generated)
(1,753,572 missing values generated)
(1,746,207 missing values generated)
(1,746,195 missing values generated)
(1,749,538 missing values generated)
(1,751,670 missing values generated)
(1,747,893 missing values generated)
(1,753,855 missing values generated)
(1,747,426 missing values generated)
(1,746,775 missing values generated)
(1,749,874 missing values generated)
(data now sorted by numero pers anio)
  variable yob was float now int
  variable age_young was float now byte
  variable age_adult was float now byte
  variable age_placebo was float now byte
  variable fertile_age was float now byte
  variable age_group was float now byte
  variable female was float now byte
  variable single was float now byte
  variable lowed was float now byte
  variable young was float now byte
  variable age_rivera was float now int
  variable under14_rivera was float now byte
  variable nbr_under14_rivera was float now byte
  variable kids_rivera was float now byte
  variable age_salto was float now int
  variable under14_salto was float now byte
  variable nbr_under14_salto was float now byte
  variable kids_salto was float now byte
  variable age_florida was float now int
  variable under14_florida was float now byte
  variable nbr_under14_florida was float now byte
  variable kids_florida was float now byte
  variable treatment_rivera_c was float now byte
  variable treatment_salto_c was float now byte
  variable treatment_florida_c was float now byte
  variable treatment_rivera_s was float now byte
  variable treatment_salto_s was float now byte
  variable treatment_florida_s was float now byte
  variable placebo_rivera_c was float now byte
  variable placebo_salto_c was float now byte
  variable placebo_florida_c was float now byte
  variable placebo_rivera_s was float now byte
  variable placebo_salto_s was float now byte
  variable placebo_florida_s was float now byte
  variable treatment_young_rivera_c was float now byte
  variable treatment_young_salto_c was float now byte
  variable treatment_young_florida_c was float now byte
  variable treatment_young_rivera_s was float now byte
  variable treatment_young_salto_s was float now byte
  variable treatment_young_florida_s was float now byte
  variable treatment_adult_rivera_c was float now byte
  variable treatment_adult_salto_c was float now byte
  variable treatment_adult_florida_c was float now byte
  variable treatment_adult_rivera_s was float now byte
  variable treatment_adult_salto_s was float now byte
  variable treatment_adult_florida_s was float now byte
  variable treatment_placebo_rivera_c was float now byte
  variable treatment_placebo_salto_c was float now byte
  variable treatment_placebo_florida_c was float now byte
  variable treatment_placebo_rivera_s was float now byte
  variable treatment_placebo_salto_s was float now byte
  variable treatment_placebo_florida_s was float now byte
  (267,384,568 bytes saved)
===============================================================================
> ===================
File: ..\output\ech_final_98_2016.dta
Key: numero pers anio
===============================================================================
> ===================
  1759109:140(99887):3818652615:82230799

    Variable |        Obs        Mean    Std. Dev.       Min        Max
-------------+---------------------------------------------------------
      numero |  1,759,109    7.54e+08    9.74e+08          1   2.02e+09
        pers |  1,759,109    2.393469    1.517999          1         27
        anio |  1,759,109    2008.293    5.024005       1998       2016
   inflation |  1,759,109    8.087328    3.618307       3.59      25.94
    cpi_2006 |  1,759,109    126.8955    48.03314   48.00595   217.6432
-------------+---------------------------------------------------------
           D |          0
      semana |    171,877    24.40203    13.83498          1         48
        dpto |  1,759,109    5.324262    5.684808          1         19
        secc |  1,616,508    10.20737    16.91198          0         99
        segm |  1,616,508    65.64103    93.68596          0        845
-------------+---------------------------------------------------------
     estrato |  1,759,109    5.293571     2.91119          1         12
      hombre |  1,759,109     .466954    .4989069          0          1
        edad |  1,759,109    36.72029    23.44052          0         99
horas_trab~o |  1,759,109    17.44712    22.39598          0         99
       pf133 |    171,877      .80091    .9642192          0          2
-------------+---------------------------------------------------------
busca_trab~o |  1,759,109    .0726709    .2595956          0          1
meses_trab~o |  1,480,086    1.040192     4.05217          0         80
anios_trab~o |  1,480,086    3.611756    7.816181          0         98
      ytotal |  1,759,109    9136.568    17498.91          0    7244333
     pesotri |  1,758,514    113.8277    51.55826          1        635
-------------+---------------------------------------------------------
     pesosem |  1,655,497    56.69414    26.52581          5        318
      pesoan |  1,759,109    28.65458    13.12689          1        159
         ccz |  1,675,778    4.484672    5.656404          0         18
         loc |          0
      nomloc |          0
-------------+---------------------------------------------------------
  nbr_people |  1,759,109    3.786697    1.891253          1         27
 nbr_above14 |  1,759,109     2.79666    1.266172          1         16
 nbr_under14 |  1,759,109    .9898903     1.28242          0         14
     y_hogar |  1,759,109    28487.45    36065.88          0    7681180
  educ_level |  1,759,109    1.312562    .5983129          1          3
-------------+---------------------------------------------------------
  estudiante |  1,759,109    .0684847    .2525758          0          1
c98_resid_~e |  1,759,109    .9950901    .0698983          0          1
c98_resid_~d |  1,759,109    .6438868    .4788494          0          1
c98_nbr_ro~s |  1,759,109    3.573306    1.317593          0         80
c98_nbr_be~s |  1,759,109    2.191951    .8383508          0         40
-------------+---------------------------------------------------------
c98_b_pipe~r |  1,759,109    .9671845    .1781534          0          1
c98_hhld_t~t |  1,759,109    .9253167    .2628797          0          1
c98_b_sewage |  1,759,109    .6264308    .4837514          0          1
c98_hhld_s~e |  1,759,109    .9527232    .2122303          0          1
c98_hhld_h~r |  1,759,109    .8811847    .3235711          0          1
-------------+---------------------------------------------------------
c98_hhld_r~t |  1,759,109    .8461016    .3608514          0          1
 c98_hhld_tv |  1,759,109    .9652972     .183026          0          1
c98_hhld_vcr |  1,759,109    .4939853     .499964          0          1
c98_hhld_w~c |  1,759,109    .7164297    .4507308          0          1
c98_hhld_d~r |  1,759,109     .045029    .2073679          0          1
-------------+---------------------------------------------------------
c98_hhld_m~e |  1,759,109    .4894421    .4998887          0          1
c98_hhld_car |  1,759,109    .3567158      .47903          0          1
     married |  1,496,996    .5152191    .4997685          0          1
 y_hogar_alt |  1,759,109    28630.53    33402.05          0    7289481
   trimestre |  1,759,109    2.497536    1.117467          1          4
-------------+---------------------------------------------------------
     trabajo |  1,759,109    .4211757    .4937478          0          1
       etnia |  1,308,209    2.310405    .9646923          0          4
         mes |  1,587,232    6.492924    3.446314          1         12
          e9 |    279,023    1.656785    .5465775          0          2
c01_hhld_c~r |  1,587,232    .5325894     .498937          0          1
-------------+---------------------------------------------------------
c01_hhld_i~t |  1,587,232    .3749754    .4841167          0          1
c01_hhld_p~e |  1,587,232    .7338524    .4419425          0          1
c01_hhld_c~v |  1,587,232    .5672334    .4954592          0          1
    region_3 |  1,308,209    1.563886    .5254396          1          3
    region_4 |  1,308,209    1.564025    .5259491          1          4
-------------+---------------------------------------------------------
        afro |    421,145    .0147051      .12037          0          1
        asia |    421,145    .0009355    .0305724          0          1
      blanco |    421,145    .8540313    .3530753          0          1
    indigena |    421,145    .0026642    .0515468          0          1
 live_births |  1,079,715    .7560264    .7397838          0          2
-------------+---------------------------------------------------------
live_birth~r |  1,079,715    1.035443    1.722018          0         72
         e48 |    176,950    1.712682    .4525376          0          2
       li_06 |  1,750,880    1620.149    584.9775   363.3281       3021
       lp_06 |  1,750,880    17111.84    9447.677   1585.694   132026.8
c06_mat_wa~s |  1,308,209    .9747227    .1569662          0          1
-------------+---------------------------------------------------------
c06_mat_roof |  1,308,209    .6013045      .48963          0          1
c06_mat_fl~r |  1,308,209    .8012741    .3990414          0          1
c06_b_electr |  1,308,209    .9971006    .0537678          0          1
     mestizo |    421,145    .1229244    .3283508          0          1
        otro |    421,145    .0047395    .0686805          0          1
-------------+---------------------------------------------------------
         e50 |    244,195    1.719056    .4494609          1          2
 ascendencia |    887,064    2.932836    .4121994          1          5
         e49 |    887,064    1.213387    .4097044          0          2
    loc_code |  1,759,109    542400.7    574611.9     101010    1919020
        poor |  1,759,109    .3697667    .4827416          0          1
-------------+---------------------------------------------------------
   indigente |  1,759,109    .0130191    .1133561          0          1
 ind_under14 |  1,759,109    .5127584    .4998373          0          1
    semestre |  1,759,109    1.499238    .4999996          1          2
    anio_sem |  1,759,109    97.08514     10.0608         76        113
    anio_qtr |  1,759,109    194.6693    20.12793        152        227
-------------+---------------------------------------------------------
educ_more_HS |  1,759,109    .0715555    .2577506          0          1
educ_HS_or~e |  1,759,109    .2410067    .4276945          0          1
impl_date_~o |  1,177,344    16495.14    598.3647      16162      18414
         yob |  1,759,109    1971.573     23.8421       1900       2016
   age_young |  1,759,109    .2128725    .4093384          0          1
-------------+---------------------------------------------------------
   age_adult |  1,759,109    .1896608    .3920327          0          1
 age_placebo |  1,759,109    .1728483    .3781162          0          1
 fertile_age |  1,012,159    .6995936    .4584349          0          1
   age_group |    708,100    29.88178    8.668931         18         43
      female |  1,759,109     .533046    .4989069          0          1
-------------+---------------------------------------------------------
      single |  1,496,996    .4847809    .4997685          0          1
       lowed |  1,759,109    .7589933    .4276945          0          1
       young |    708,100    .5288321    .4991684          0          1
  age_rivera |  1,759,109    38.42734     23.8421         -6        110
under14_ri~a |  1,759,109    .1744878    .3795285          0          1
-------------+---------------------------------------------------------
nbr_under~ra |  1,759,109    .8386365    1.172369          0         13
 kids_rivera |  1,759,109    .4603586    .4984262          0          1
   age_salto |  1,759,109    41.42734     23.8421         -3        113
under14_sa~o |  1,759,109    .1374815    .3443551          0          1
nbr_under1~o |  1,759,109    .6559173    1.032707          0         11
-------------+---------------------------------------------------------
  kids_salto |  1,759,109    .3846766    .4865189          0          1
 age_florida |  1,759,109    36.42734     23.8421         -8        108
under14_fl~a |  1,759,109    .1951295    .3963005          0          1
nbr_under~da |  1,759,109    .9386741    1.243762          0         14
kids_florida |  1,759,109    .4967225    .4999894          0          1
-------------+---------------------------------------------------------
~nt_rivera_c |     16,877    .5510458    .4974022          0          1
t~nt_salto_c |     25,263    .4473736    .4972326          0          1
treatment_.. |     11,280    .3817376    .4858343          0          1
~nt_rivera_s |     26,604    .3909938    .4879822          0          1
t~nt_salto_s |     27,742    .4073967    .4913587          0          1
-------------+---------------------------------------------------------
treatment_.. |     19,360    .2850207    .4514359          0          1
placebo_ri~c |     14,978    .5478034    .4977262          0          1
placebo_sa~c |     23,382    .4444872    .4969194          0          1
placebo_fl~c |     10,566     .368446     .482406          0          1
placebo_ri~s |     23,718    .3900413    .4877695          0          1
-------------+---------------------------------------------------------
placebo_sa~s |     25,826    .4024239     .490396          0          1
placebo_fl~s |     18,289    .2774345     .447745          0          1
t~g_rivera_c |      8,667    .5415946    .4982956          0          1
tr~g_salto_c |     13,478    .4565959     .498131          0          1
~g_florida_c |      5,743    .3945673    .4888001          0          1
-------------+---------------------------------------------------------
t~g_rivera_s |     13,702    .3868048    .4870361          0          1
tr~g_salto_s |     14,828    .4150256    .4927431          0          1
~g_florida_s |      9,789    .2952293    .4561691          0          1
~lt_rivera_c |      8,210    .5610231    .4962924          0          1
t~lt_salto_c |     11,785    .4368265    .4960141          0          1
-------------+---------------------------------------------------------
treatment_.. |      5,537    .3684306    .4824225          0          1
~lt_rivera_s |     12,902    .3954426    .4889645          0          1
t~lt_salto_s |     12,914    .3986371    .4896367          0          1
treatment_.. |      9,571    .2745795    .4463254          0          1
t~o_rivera_c |      7,439    .5429493    .4981854          0          1
-------------+---------------------------------------------------------
tr~o_salto_c |     11,216    .4449893    .4969868          0          1
treatment_.. |      5,254    .3753331    .4842549          0          1
t~o_rivera_s |     11,683    .3825216    .4860237          0          1
tr~o_salto_s |     12,334    .4046538    .4908448          0          1
treatment_.. |      9,235    .2747158    .4463951          0          1




(note: file ..\output\ech_final_98_2016.dta not found)
file ..\output\ech_final_98_2016.dta saved

. 
. /*
>         * Diff in Diff Montevideo
>         gen treatment_mvd_female  = (dpto == 1 & female == 1)
>         gen treatment_mvd_poor    = (dpto == 1 & female == 1 & poor == 1)
>         gen treatment_mvd_fertile = (dpto == 1 & female == 1 & fertile_age ==
>  1)
>         gen treatment_mvd_kids    = (dpto == 1 & female == 1 & ind_under14 ==
>  1)        
>         gen treatment_mvd_lowed   = (dpto == 1 & female == 1 & lowed == 1)
>         gen treatment_mvd_single  = (dpto == 1 & female == 1 & single == 1)
>         gen treatment_mvd_student = (dpto == 1 & female == 1 & estudiante == 
> 1)
> 
>         gen control_mvd_female    = (dpto == 1 & female == 0)
>         gen control_mvd_poor      = (dpto == 1 & female == 1 & poor == 0)
>         gen control_mvd_fertile   = (dpto == 1 & female == 1 & fertile_age ==
>  0)
>         gen control_mvd_kids      = (dpto == 1 & female == 1 & ind_under14 ==
>  0)                
>         gen control_mvd_lowed     = (dpto == 1 & female == 1 & lowed == 0)
>     gen control_mvd_single    = (dpto == 1 & female == 1 & single == 0)
>         gen control_mvd_student   = (dpto == 1 & female == 1 & estudiante == 
> 0)
>         
>         * Triple Diff
>         
>         /** Design 2: income_fertility (only women)
>         gen mvd_poor_fertile       = (loc_code == 101010 & poor == 1 & fertil
> e_age == 1 & hombre == 0)
>         gen mvd_poor_infertile     = (loc_code == 101010 & poor == 1 & fertil
> e_age == 0 & hombre == 0)
>         gen mvd_non_poor_fertile   = (loc_code == 101010 & poor == 0 & fertil
> e_age == 1 & hombre == 0)
>         gen mvd_non_poor_infertile = (loc_code == 101010 & poor == 0 & fertil
> e_age == 0 & hombre == 0)
>         
>         * Design 3: gender_fertility
>         gen mvd_female_fertile    = (loc_code == 101010 & hombre == 0 & ferti
> le_age == 1)
>         gen mvd_female_infertile  = (loc_code == 101010 & hombre == 0 & ferti
> le_age == 0)
>         gen mvd_male_fertile      = (loc_code == 101010 & hombre == 1 & ferti
> le_age == 1)
>         gen mvd_male_infertile    = (loc_code == 101010 & hombre == 1 & ferti
> le_age == 0)     
>     */  
>         
>         /* Design: female_poor
>         gen mvd_female_poor       = (loc_code == 101010 & female == 1 & poor 
> == 1)
>         gen mvd_female_rich       = (loc_code == 101010 & female == 1 & poor 
> == 0)
>         gen mvd_male_poor         = (loc_code == 101010 & female == 0 & poor 
> == 1)
>         gen mvd_male_rich         = (loc_code == 101010 & female == 0 & poor 
> == 0)*/
>         
>         * Design: female_single
>         gen mvd_female_single     = (loc_code == 101010 & female == 1 & singl
> e == 1)
>         gen mvd_female_married    = (loc_code == 101010 & female == 1 & singl
> e == 0)
>         gen mvd_male_single       = (loc_code == 101010 & female == 0 & singl
> e == 1)
>         gen mvd_male_married      = (loc_code == 101010 & female == 0 & singl
> e == 0)
>         
>         /* Design: female_lowed
>         gen mvd_female_lowed      = (loc_code == 101010 & female == 1 & lowed
>  == 1)
>         gen mvd_female_highed     = (loc_code == 101010 & female == 1 & lowed
>  == 0)
>         gen mvd_male_lowed        = (loc_code == 101010 & female == 0 & lowed
>  == 1)
>         gen mvd_male_highed       = (loc_code == 101010 & female == 0 & lowed
>  == 0)
> 
>         * Design: poor_single (women)
>         gen mvd_poor_single       = (loc_code == 101010 & female == 1 & poor 
> == 1 & single == 1)
>         gen mvd_poor_married      = (loc_code == 101010 & female == 1 & poor 
> == 1 & single == 0)
>         gen mvd_rich_single       = (loc_code == 101010 & female == 1 & poor 
> == 0 & single == 1)
>         gen mvd_rich_married      = (loc_code == 101010 & female == 1 & poor 
> == 0 & single == 0)
>         
>         * Design: poor_lowed (women)
>         gen mvd_poor_lowed       = (loc_code == 101010 & female == 1 & poor =
> = 1 & lowed == 1)
>         gen mvd_poor_highed      = (loc_code == 101010 & female == 1 & poor =
> = 1 & lowed == 0)
>         gen mvd_rich_lowed       = (loc_code == 101010 & female == 1 & poor =
> = 0 & lowed == 1)
>         gen mvd_rich_highed      = (loc_code == 101010 & female == 1 & poor =
> = 0 & lowed == 0)
> 
>         * Design: lowed_single (women)
>         gen mvd_lowed_single      = (loc_code == 101010 & female == 1 & lowed
>  == 1 & single == 1)
>         gen mvd_lowed_married     = (loc_code == 101010 & female == 1 & lowed
>  == 1 & single == 0)
>         gen mvd_highed_single     = (loc_code == 101010 & female == 1 & lowed
>  == 0 & single == 1)
>         gen mvd_highed_married    = (loc_code == 101010 & female == 1 & lowed
>  == 0 & single == 0)*/
> 
>         * Design: young_kids (women)
>         gen mvd_young_kids      = (loc_code == 101010 & female == 1 & young =
> = 1 & ind_under14 == 1)
>         gen mvd_young_nokids    = (loc_code == 101010 & female == 1 & young =
> = 1 & ind_under14 == 0)
>         gen mvd_old_kids        = (loc_code == 101010 & female == 0 & young =
> = 0 & ind_under14 == 1)
>         gen mvd_old_nokids      = (loc_code == 101010 & female == 0 & young =
> = 0 & ind_under14 == 0)    
> 
>         * Design: young_poor (women)
>         gen mvd_young_poor      = (loc_code == 101010 & female == 1 & young =
> = 1 & ind_under14 == 1)
>         gen mvd_young_nopoor    = (loc_code == 101010 & female == 1 & young =
> = 1 & ind_under14 == 0)
>         gen mvd_old_poor        = (loc_code == 101010 & female == 0 & young =
> = 0 & ind_under14 == 1)
>         gen mvd_old_nopoor      = (loc_code == 101010 & female == 0 & young =
> = 0 & ind_under14 == 0)    
> 
>         * Design: poor_kids (women)
>         gen mvd_poor_kids       = (loc_code == 101010 & female == 1 & poor ==
>  1 & ind_under14 == 1)
>         gen mvd_poor_nokids     = (loc_code == 101010 & female == 1 & poor ==
>  1 & ind_under14 == 0)
>         gen mvd_nonpoor_kids    = (loc_code == 101010 & female == 0 & poor ==
>  0 & ind_under14 == 1)
>         gen mvd_nonpoor_nokids  = (loc_code == 101010 & female == 0 & poor ==
>  0 & ind_under14 == 0)
> 
> 

end of do-file

 make.py ended: 2018-05-17 15:42:56
