===============================================================================
> ===================
File: ../output/vital_birth_records.dta
Key: birth_id
===============================================================================
> ===================
  834514:30(101881):3246271696:4249981855

    Variable |        Obs        Mean    Std. Dev.       Min        Max
-------------+---------------------------------------------------------
    birth_id |    834,514      417322    240937.5          1     834645
        anio |    834,514    2006.836    4.961379       1999       2015
       edadm |    834,514     27.4226    9.631511         10         99
        dpto |    834,514    5.506037     5.88674          1         19
dpto_resid~e |    832,780    5.966962    5.836088          1         19
-------------+---------------------------------------------------------
     married |    782,635    .3598433    .4799546          0          1
 not_married |    782,635    .6401567    .4799546          0          1
     partner |    782,635     .759368    .4274675          0          1
  no_partner |    782,635     .240632    .4274675          0          1
      single |    782,635    .3239134    .4679677          0          1
-------------+---------------------------------------------------------
 prim_school |    834,514    .6215306    .4850058          0          1
 high_school |    834,514    .1595719    .3662088          0          1
    anio_qtr |    834,514    188.8337    19.87613        156        223
    anio_sem |    834,514    94.16913    9.935076         78        111
recomm_pre~s |    823,603    .8037525    .3971581          0          1
-------------+---------------------------------------------------------
recomm_pre~t |    781,877    .5469351    .4977925          0          1
no_prenata~e |    823,603    .0390139    .1936283          0          1
first_preg~y |    829,325    .3745793    .4840144          0          1
 kids_before |    829,325    .6254207    .4840144          0          1
lowbirthwe~t |    829,581    .0821342    .2745693          0          1
-------------+---------------------------------------------------------
  apgar1_low |    825,436     .046029    .2095481          0          1
  apgar2_low |    825,418    .0100422    .0997063          0          1
preg_preterm |    820,722    .0921883    .2892918          0          1
       young |    834,514    .6725304    .4692905          0          1
       adult |    834,514     .302255    .4592354          0          1
-------------+---------------------------------------------------------
   age_group |    797,779    24.63889    6.314238         16         36
     age_min |    834,514    23.99449    6.865318         10         36
     age_max |    834,514    31.73616     15.6987         20         99
public_hea~h |    834,514    .4170991    .4930798          0          1
     pereira |    834,514    .1555085    .3623889          0          1




