===============================================================================
> ===================
File: ../output/total_aggregate_births.dta
Key: anio
===============================================================================
> ===================
  20:4(66028):3934772966:3698257443

    Variable |        Obs        Mean    Std. Dev.       Min        Max
-------------+---------------------------------------------------------
        anio |         20      2005.5     5.91608       1996       2015
   nat_level |         20     50287.1    3504.758      46712      58718
    nat_rate |         20    14.95363    1.241755   13.68795   18.02159
  population |         20     3366300    53666.75    3258203    3467054




===============================================================================
> ===================
File: ../output/by_year_dpto_aggregate_births.dta
Key: anio dpto
===============================================================================
> ===================
  380:5(65913):2916432935:653440360

    Variable |        Obs        Mean    Std. Dev.       Min        Max
-------------+---------------------------------------------------------
        anio |        380      2005.5    5.773884       1996       2015
        dpto |        380          10    5.484447          1         19
   nat_level |        380    2641.832     4259.19        307      23287
    nat_rate |        380    15.45286    2.337763   11.09572   23.26173
  population |        380    177173.7    300323.4   25684.83    1397549




