
 make.py started: 2019-09-12 14:01:17 C:\Users\dgentil1\Desktop\aborto_uru_repo\Aborto-Uruguay\derived\ECH year aggregates\code 




Execute:  "C:\Program Files (x86)\Stata14\StataSE-64.exe" /e do "./ech_year_aggregates.do"

  ___  ____  ____  ____  ____ (R)
 /__    /   ____/   /   ____/
___/   /   /___/   /   /___/   14.2   Copyright 1985-2015 StataCorp LLC
  Statistics/Data Analysis            StataCorp
                                      4905 Lakeway Drive
     Special Edition                  College Station, Texas 77845 USA
                                      800-STATA-PC        http://www.stata.com
                                      979-696-4600        stata@stata.com
                                      979-696-4601 (fax)

110-user Stata network perpetual license:
       Serial number:  401406206058
         Licensed to:  CIS Department
                       Brown University

Notes:
      1.  Stata is running in batch mode.
      2.  Unicode is supported; see help unicode_advice.
      3.  Maximum number of variables is set to 5000; see help set_maxvar.

. do ./ech_year_aggregates.do 

. clear all

. set more off

. adopath + ../../../library/stata/gslab_misc/ado
  [1]  (BASE)      "C:\Program Files (x86)\Stata14\ado\base/"
  [2]  (SITE)      "C:\Program Files (x86)\Stata14\ado\site/"
  [3]              "."
  [4]  (PERSONAL)  "c:\ado\personal/"
  [5]  (PLUS)      "c:\ado\plus/"
  [6]  (OLDPLACE)  "c:\ado/"
  [7]              "../../../library/stata/gslab_misc/ado"

. 
. program main 
  1.     use ../../ECH/output/main_ECH_panel.dta, clear
  2. 
.     collapse (mean) share_women_public_health = public_health if hombre == 0 
> [aw = pesotri], by(anio_qtr)
  3.     save_data ../output/ech_year_aggregates.dta, key(anio_qtr) replace    
  4. end

. 
. * EXECUTE
. main
(data already sorted by anio_qtr)
  (0 bytes saved)
===============================================================================
> ===================
File: ../output/ech_year_aggregates.dta
Key: anio_qtr
===============================================================================
> ===================
  60:2(74059):608238391:4145967545

    Variable |        Obs        Mean    Std. Dev.       Min        Max
-------------+---------------------------------------------------------
    anio_qtr |         60       193.5    17.46425        164        223
share_wome~h |         60    .3428801      .04622   .2722852   .4199989




(note: file ../output/ech_year_aggregates.dta not found)
file ../output/ech_year_aggregates.dta saved

. 
end of do-file

 make.py ended: 2019-09-12 14:01:18
