===============================================================================
> ===================
File: ../output/by_year_population.dta
Key: anio
===============================================================================
> ===================
  25:4(67003):3303402091:4094069249

    Variable |        Obs        Mean    Std. Dev.       Min        Max
-------------+---------------------------------------------------------
        anio |         25        2008    7.359801       1996       2020
         pop |         25     3394195     74761.3    3258203    3530912
   women_pop |         25     1751327    39389.47    1675750    1819421
fertile_wo~p |         25    724458.6    16454.17   700596.4   751188.8




===============================================================================
> ===================
File: ../output/by_year_dpto_population.dta
Key: anio dpto
===============================================================================
> ===================
  475:5(90951):2776707434:1648690648

    Variable |        Obs        Mean    Std. Dev.       Min        Max
-------------+---------------------------------------------------------
        anio |        475        2008    7.218705       1996       2020
        dpto |        475          10       5.483          1         19
         pop |        475    178641.8    301380.1   25684.83    1397549
   women_pop |        475    92175.12    159979.4   12840.16     743337
fertile_wo~p |        475     38129.4    67011.37   5049.727   314105.6




===============================================================================
> ===================
File: ../output/by_anio_dpto_agebin_fertile_women_population.dta
Key: anio dpto age_min
===============================================================================
> ===================
  2850:5(19433):3173531516:3424861508

    Variable |        Obs        Mean    Std. Dev.       Min        Max
-------------+---------------------------------------------------------
        anio |      2,850        2008    7.212368       1996       2020
        dpto |      2,850          10    5.478187          1         19
     age_min |      2,850        27.5    8.540624         15         40
     age_max |      2,850        31.5    8.540624         19         44
fertile_wo~p |      2,850      6354.9    11207.49   715.6553   62659.04




