
 make.py started: 2019-09-03 17:25:22 C:\Users\dgentil1\Desktop\aborto_uru_repo\Aborto-Uruguay\base\Inflation\code 




Execute:  "C:\Program Files (x86)\Stata14\StataSE-64.exe" /e do "./inflation_by_year.do"

  ___  ____  ____  ____  ____ (R)
 /__    /   ____/   /   ____/
___/   /   /___/   /   /___/   14.2   Copyright 1985-2015 StataCorp LLC
  Statistics/Data Analysis            StataCorp
                                      4905 Lakeway Drive
     Special Edition                  College Station, Texas 77845 USA
                                      800-STATA-PC        http://www.stata.com
                                      979-696-4600        stata@stata.com
                                      979-696-4601 (fax)

110-user Stata network perpetual license:
       Serial number:  401406206058
         Licensed to:  CIS Department
                       Brown University

Notes:
      1.  Stata is running in batch mode.
      2.  Unicode is supported; see help unicode_advice.
      3.  Maximum number of variables is set to 5000; see help set_maxvar.

. do ./inflation_by_year.do 

. clear all

. set more off

. adopath + ../../../library/stata/gslab_misc/ado
  [1]  (BASE)      "C:\Program Files (x86)\Stata14\ado\base/"
  [2]  (SITE)      "C:\Program Files (x86)\Stata14\ado\site/"
  [3]              "."
  [4]  (PERSONAL)  "c:\ado\personal/"
  [5]  (PLUS)      "c:\ado\plus/"
  [6]  (OLDPLACE)  "c:\ado/"
  [7]              "../../../library/stata/gslab_misc/ado"

. 
. program main
  1.     import excel ../../../raw/inflation.xlsx, sheet("Sheet1") firstrow cle
> ar
  2.     save_data ../output/inflation_by_year.dta, key(anio) replace 
  3. end 

. 
. * EXECUTE
. main
(data now sorted by anio)
  (0 bytes saved)
===============================================================================
> ===================
File: ../output/inflation_by_year.dta
Key: anio
===============================================================================
> ===================
  27:3(47420):652611848:2271300553

    Variable |        Obs        Mean    Std. Dev.       Min        Max
-------------+---------------------------------------------------------
        anio |         27        2003    7.937254       1990       2016
   inflation |         27       22.17    29.07342       3.59     128.96
    cpi_2006 |         27    87.06827    63.64253   .3650337   217.6432




(note: file ../output/inflation_by_year.dta not found)
file ../output/inflation_by_year.dta saved

. 
end of do-file

 make.py ended: 2019-09-03 17:25:22
