
 make.py started: 2018-05-18 17:46:37 C:\Users\cravizza\GitHub\Aborto-Uruguay\analysis\pooled\code 




Execute:  "C:\Program Files (x86)\Stata15\StataSE-64.exe" /e do "./pooled.do"

  ___  ____  ____  ____  ____ (R)
 /__    /   ____/   /   ____/
___/   /   /___/   /   /___/   15.0   Copyright 1985-2017 StataCorp LLC
  Statistics/Data Analysis            StataCorp
                                      4905 Lakeway Drive
     Special Edition                  College Station, Texas 77845 USA
                                      800-STATA-PC        http://www.stata.com
                                      979-696-4600        stata@stata.com
                                      979-696-4601 (fax)

110-user Stata network perpetual license:
       Serial number:  401506201178
         Licensed to:  Brown University
                       Brown University

Notes:
      1.  Stata is running in batch mode.
      2.  Unicode is supported; see help unicode_advice.
      3.  Maximum number of variables is set to 5000; see help set_maxvar.

. do ./pooled.do 

. clear all

. set more off

. 
. program main
  1.         qui do ../../globals.do
  2.         global controls = "nbr_people ind_under14 edad married y_hogar_alt
> "
  3. 
.         pooled_births,  num_periods(6) time(anio_sem)
  4. 
.         pooled_es, data(births) time(anio_sem) geo_var(dpto)     num_periods(
> 6) int_mvd(int_mvd)
  5.         pooled_es, data(ech)    time(anio_sem) geo_var(loc_code) num_perio
> ds(6) int_mvd(int_mvd) outcome(trabajo)
  6.         pooled_es, data(ech)    time(anio_sem) geo_var(loc_code) num_perio
> ds(6) int_mvd(int_mvd) outcome(horas_trabajo)
  7.         pooled_es, data(births) time(anio_sem) geo_var(dpto)     num_perio
> ds(6) int_mvd(all)
  8.         pooled_es, data(ech)    time(anio_sem) geo_var(loc_code) num_perio
> ds(6) int_mvd(all) outcome(trabajo)
  9.         pooled_es, data(ech)    time(anio_sem) geo_var(loc_code) num_perio
> ds(6) int_mvd(all) outcome(horas_trabajo)
 10. 
.         pooled_did, data(ech)    time(anio_sem) geo_var(loc_code) num_periods
> (6) int_mvd(int_mvd) outcome(trabajo)
 11.         pooled_did, data(ech)    time(anio_sem) geo_var(loc_code) num_peri
> ods(6) int_mvd(int_mvd) outcome(horas_trabajo)
 12.         pooled_did, data(ech)    time(anio_sem) geo_var(loc_code) num_peri
> ods(6) int_mvd(riv_flo) outcome(trabajo)
 13.         pooled_did, data(ech)    time(anio_sem) geo_var(loc_code) num_peri
> ods(6) int_mvd(riv_flo) outcome(horas_trabajo)
 14. end

. 
. capture program drop assign_impl_date_mvd

. program              assign_impl_date_mvd
  1. syntax, dpto_list(str)
  2.         qui sum impl_date_dpto if dpto==1
  3.         replace impl_date_dpto = `r(mean)' if inlist(dpto`dpto_list')
  4.         qui sum impl_date_dpto             if inlist(dpto,1`dpto_list')
  5.         assert `r(sd)'==0
  6. end

. 
. capture program drop relative_time

. program              relative_time
  1. syntax, num_periods(int) time(str) event_date(str)
  2.         if "`time'" == "anio_qtr" { //+1 since impl_date marks beginning o
> f post
  3.                 gen t = `time' - qofd(`event_date')
  4.         }
  5.         else if "`time'" == "anio_sem" {
  6.                 gen t = `time' - hofd(`event_date')
  7.         }
  8.         else {
  9.                 gen t = `time' - yofd(`event_date')
 10.         }
 11.         replace t = t + `num_periods' + 1  //to make t>=0 for the event wi
> ndow
 12.         replace t = 0    if t < 0
 13.         replace t = 1000 if t >  2*`num_periods' + 1
 14.         assert !mi(t)
 15. end

. 
. capture program drop pooled_births

. program              pooled_births
  1. syntax,  num_periods(int) time(str)
  2.         * Merge data
.         use ..\..\..\assign_treatment\output\births15.dta, clear
  3.         drop if mi(fecparto)
  4.         drop if inlist(depar,20,99) | inrange(edadm,45,49)
  5. 
.         if "`time'" == "anio_sem" {
  6.                 local time_label "Semesters"
  7.                 local times "anio anio_sem"
  8.         }
  9.         else {
 10.                 local time_label "Years"
 11.                 local times "anio"
 12.         }
 13.         
.         collapse (count) births=edadm, by(`times' age_min age_max depar dpto 
> impl_date_dpto treatment_rivera treatment_florida)
 14.         isid `time' age_min age_max dpto
 15. 
.         merge m:1 depar age_min age_max anio using ..\..\..\derived\output\po
> pulation_fertile_age.dta, assert(3)
 16.         gen TFR_agegroup = births/pop
 17. 
.         collapse (sum) TFR = TFR_agegroup, by(`times' dpto impl_date_dpto tre
> atment_rivera treatment_florida depar)
 18.         isid `time' dpto
 19.         replace TFR = 5 * TFR
 20.         lab var TFR "Total Fertility Rate"
 21.         
.         * Define treatment var & assign "fake" impl_date to controls
.                 gen treatment = (treatment_florida==1  |   treatment_rivera==
> 1) ///
>                                 if   !mi(treatment_florida)|!mi(treatment_riv
> era)
 22.                 foreach d in rivera florida {
 23.                         qui sum impl_date_dpto             if treatment_`d
> '==1
 24.                         replace impl_date_dpto = `r(mean)' if treatment_`d
> '==0 
 25.                 }
 26.                 assign_impl_date_mvd, dpto_list(,3,16,9,10)
 27.                 replace treatment = 1 if inlist(dpto,3,16)
 28.                 replace treatment = 0 if inlist(dpto,9,10)
 29. 
.         keep if !mi(impl_date_dpto) 
 30.         relative_time, num_periods(`num_periods') time(`time') event_date(
> impl_date_dpto)
 31. 
.         egen Treatment = mean(TFR) if treatment==1, by(t)
 32.         egen Control   = mean(TFR) if treatment==0, by(t)
 33.         egen tag_t = tag(t) if treatment==1
 34.         egen tag_c = tag(t) if treatment==0
 35.         
.         twoway  (connected Treatment t if tag_t & inrange(t,1,13), sort) ///
>                         (connected Control   t if tag_c & inrange(t,1,13), so
> rt), ///
>                 graphregion(color(white)) bgcolor(white) ///
>                 xlabel(1 "-6" 3 "-4" 5 "-2" 7 "0" 9 "2" 11 "4" 13 "6") ///
>                 xtitle("`time_label' relative to IS implementation") ///
>                 xline(6.5 7.5, lcolor(black) lpattern(dot)) ytitle(`: var lab
>  TFR')
 36.         graph export ../output/pooled_did_births.pdf, replace
 37.         
.         keep if treatment==1 | dpto==1
 38. 
.                 egen mean = mean(TFR), by(t)
 39.                 lab var mean "`: var lab TFR'"
 40.                 egen tag = tag(t)
 41.                 qui sum TFR if inrange(t, 1, `num_periods')
 42.                 local target_mean = r(mean)
 43. 
.                 twoway connected mean t if tag & inrange(t,1,13), sort ///
>                         graphregion(color(white)) bgcolor(white) ///
>                         xlabel(1 "-6" 3 "-4" 5 "-2" 7 "0" 9 "2" 11 "4" 13 "6"
> ) ///
>                         xline(6.5 7.5, lcolor(black) lpattern(dot)) ///
>                         xtitle("`time_label' relative to IS implementation") 
> ///
>                         yline(`target_mean', lpattern(dashed))
 44.                 graph export ../output/pooled_es_births_t.pdf, replace
 45. 
.                 egen mean2 = mean(TFR), by(`time')
 46.                 lab var mean2 "`: var lab TFR'"
 47.                 egen tag2 = tag(`time')
 48. 
.                 twoway connected mean2 `time' if tag2 , sort xtitle("`time_la
> bel'") ///
>                          graphregion(color(white)) bgcolor(white)
 49.                 graph export ../output/pooled_es_births_`time'.pdf, replac
> e
 50. end

. 
. capture program drop pooled_es

. program              pooled_es
  1. syntax, data(str) time(str) geo_var(str) num_periods(int) int_mvd(str) [ou
> tcome(str) groups_vars(str) restr(str)]
  2. 
.         if "`data'" == "ech" {
  3.                 use  ..\..\..\assign_treatment\output\ech_final_98_2016.dt
> a, clear
  4.                 keep if hombre == 0 & inrange(edad, 16, 45)
  5.                 if "`outcome'" == "horas_trabajo" {
  6.                         keep if trabajo==1
  7.                 }
  8.         }
  9.         else {
 10.                 /*use ..\..\..\derived\output\population_fertile_age.dta, 
> clear
>                 keep if inrange(anio,1999,2015)
>                 collapse (sum) pop, by(depar anio)
>                 tempfile population
>                 save `population'*/
. 
.                 use  ..\..\..\assign_treatment\output\births.dta, clear
 11.                 collapse (count) births=edadm (min) impl_date_dpto , by(`t
> ime' `geo_var')
 12.                 *drop if inlist(depar,20,99)
.                 *merge m:1 depar anio using `population', assert(3)
.                 *gen births = births_l/pop*1000
.                 lab var births "Number of births"
 13.                 local outcome births
 14.         }
 15. 
.         if "`int_mvd'" == "int_mvd" {   
 16.                 assign_impl_date_mvd, dpto_list(,3,16)  
 17.                 keep if !mi(impl_date_dpto) & !inlist(dpto,1)
 18.         }
 19.         else {
 20.                 assign_impl_date_mvd, dpto_list(,3,16)
 21.                 keep if !mi(impl_date_dpto)  //drop Montevideo
 22.         }
 23. 
.         if "`time'" == "anio_sem" {
 24.                 local weight pesosem
 25.                 gen post = (`time' >= hofd(impl_date_dpto))
 26.                 qui sum `time'
 27.                 local min_year = year(dofh(r(min)))
 28.                 local time_label "Semesters"
 29.         }
 30.         else {
 31.                 local weight pesoan
 32.                 gen post = (`time' >= yofd(impl_date_dpto))
 33.                 qui sum `time'    
 34.                 local min_year = r(min)
 35.         }
 36.         
.     if `min_year' < 2001  {
 37.                         local control_vars " c98_* "
 38.                         }
 39.                 else if `min_year' >=2001 & `min_year' < 2006  {
 40.                         local control_vars " c98_* c01_* "
 41.                         }
 42.                 else {
 43.                         local control_vars " c98_* c01_* c06_* "
 44.                         }
 45.         
.         relative_time, num_periods(`num_periods') time(`time') event_date(imp
> l_date_dpto)
 46.         tab t,m
 47.         tab dpto,m
 48.         if "`data'" == "ech" {
 49.                 *local all_controls = "`control_vars' ${controls}"
.                 replace `weight' = int(`weight')
 50.                 local pweight = "[pw = `weight']"
 51.         }
 52.         else {
 53.                 local all_controls = ""
 54.                 local pweight = ""
 55.         }
 56.         if "`outcome'" == "trabajo" {
 57.                 local estimation = "logit" // "reg" //
 58.         }
 59.         else {
 60.                 local estimation = "reg"
 61.         }
 62.         * Run regression and plot coefficients
.         `estimation' `outcome' ib`num_periods'.t i.`time' i.`geo_var'  `all_c
> ontrols' `pweight', vce(cluster `time')
 63.         * Coef plot
.         coefplot, vertical baselevels graphregion(color(white)) bgcolor(white
> ) ///
>                 drop(_cons 0.t 1000.t *.`time' *.`geo_var'  `all_controls') /
> //
>                 xtitle("`time_label' relative to IS implementation") ytitle(`
> : var lab `outcome'') ///
>                 xlabel(1 "-6" 3 "-4" 5 "-2" 7 "0" 9 "2" 11 "4" 13 "6") xline(
> 6.5 7.5, lcolor(black) lpattern(dot))
 64.         graph export ../output/pooled_es_`outcome'_`time'_`geo_var'_`int_m
> vd'.pdf, replace
 65.         * Coef plot with shift
.         qui sum `outcome' if inrange(t, 1, `num_periods')
 66.         local target_mean = r(mean)
 67.         preserve
 68.             coefplot, omitted vertical baselevels gen ///
>                         drop(_cons 0.t 1000.t *.`time' *.`geo_var' `control_v
> ars' ${controls})
 69.             qui sum __b
 70.             local coef_mean = r(mean)
 71.         restore 
 72.         local yshift = `target_mean' - `coef_mean'
 73.         coefplot, vertical baselevels graphregion(color(white)) bgcolor(wh
> ite) ///
>                 drop(_cons 0.t 1000.t *.`time' *.`geo_var' `all_controls') //
> /
>             transform(*= "@ + `yshift'") yline(`target_mean', lpattern(dashed
> )) ///
>                 xtitle("`time_label' relative to IS implementation") ytitle(`
> : var lab `outcome'') ///
>                 xlabel(1 "-6" 3 "-4" 5 "-2" 7 "0" 9 "2" 11 "4" 13 "6") xline(
> 6.5 7.5, lcolor(black) lpattern(dot))
 74.                 
.         graph export ../output/pooled_es_shift_`outcome'_`time'_`geo_var'_`in
> t_mvd'.pdf, replace
 75. end

. 
. capture program drop pooled_did

. program              pooled_did
  1. syntax, data(str) time(str) geo_var(str) num_periods(int) int_mvd(str) [ou
> tcome(str) groups_vars(str) restr(str)]
  2. 
.         if "`data'" == "ech" {
  3.                 use  ..\..\..\assign_treatment\output\ech_final_98_2016.dt
> a, clear
  4.                 keep if hombre == 0 & inrange(edad, 16, 45) & inrange(hora
> s_trabajo,0,100)
  5.                 if "`outcome'" == "horas_trabajo" {
  6.                         keep if trabajo==1
  7.                 }
  8.                 tab trabajo,m
  9.         }
 10.         else {
 11.                 use  ..\..\..\assign_treatment\output\births.dta, clear
 12.                 collapse (count) births=edadm (min) impl_date_dpto , by(`t
> ime' `geo_var')
 13.                 lab var births "Number of births"
 14.                 local outcome births
 15.         }
 16. 
.         gen treatment = (treatment_florida_c==1  |   treatment_rivera_c==1) /
> //
>                         if   !mi(treatment_florida_c)   |!mi(treatment_rivera
> _c)
 17.         foreach city in rivera florida {
 18.                 qui sum impl_date_dpto             if treatment_`city'_c==
> 1
 19.                 replace impl_date_dpto = `r(mean)' if treatment_`city'_c==
> 0 
 20.         }
 21. 
.         if "`int_mvd'" == "int_mvd" {
 22.                 assign_impl_date_mvd, dpto_list(,3,16,9,10)
 23.                 replace treatment = 1 if inlist(dpto,3,16)
 24.                 replace treatment = 0 if inlist(dpto,9,10)
 25.                 keep if !mi(impl_date_dpto) & !inlist(dpto,1) //drop Monte
> video
 26.         }
 27.         else {
 28.                 keep if !mi(impl_date_dpto) & !inlist(dpto,1,3,16) //drop 
> Montevideo, San Jose, and Canelones
 29.         }
 30. 
.         assert !mi(treatment)
 31.         
.         
.         if "`time'" == "anio_qtr" {
 32.                 local weight pesotri
 33.                 gen post = (`time' >= qofd(impl_date_dpto))
 34.                 qui sum `time'
 35.                 local min_year = year(dofq(r(min)))
 36.                 local time_label "Quarters"
 37.         }
 38.         else if "`time'" == "anio_sem" {
 39.                 local weight pesosem
 40.                 gen post = (`time' >= hofd(impl_date_dpto))
 41.                 qui sum `time'
 42.                 local min_year = year(dofh(r(min)))
 43.                 local time_label "Semesters"
 44.         }
 45.         else {
 46.                 local weight pesoan
 47.                 gen post = (`time' >= yofd(impl_date_dpto))
 48.                 qui sum `time'    
 49.                 local min_year = r(min)
 50.         }
 51.         
.         if `min_year' < 2001  {
 52.                         local control_vars " c98_* "
 53.                         }
 54.                 else if `min_year' >=2001 & `min_year' < 2006  {
 55.                         local control_vars " c98_* c01_* "
 56.                         }
 57.                 else {
 58.                         local control_vars " c98_* c01_* c06_* "
 59.                         }
 60.         
.         relative_time, num_periods(`num_periods') time(`time') event_date(imp
> l_date_dpto)
 61.         replace t = t+1 if t<1000
 62.         tab t,m
 63.         tab dpto,m
 64.         if "`data'" == "ech" {
 65.                 local all_controls = "`control_vars' ${controls}"
 66.                 replace `weight' = int(`weight')
 67.                 local pweight = "[pw = `weight']"
 68.         }
 69.         else {
 70.                 local all_controls = ""
 71.                 local pweight = ""
 72.         }
 73.         if "`outcome'" == "trabajo" {
 74.                 local estimation = "logit" // "reg" //
 75.         }
 76.         else {
 77.                 local estimation = "reg"
 78.         }
 79.         local omitted = `num_periods'+1 //tr_t = treatment*t
 80.         * Run regression and plot coefficients
.         `estimation' `outcome' ib`omitted'.t##i.treatment i.`time' i.`geo_var
> '  `all_controls' `pweight', vce(cluster `time')
 81.         * Coef plot
.         coefplot, vertical baselevels graphregion(color(white)) bgcolor(white
> ) ///
>                 drop(_cons *.t 1.t#1.treatment 1000.t#1.treatment 1.treatment
>  0.treatment *.`time' *.`geo_var'  `all_controls') ///
>                 xtitle("`time_label' relative to IS implementation") ytitle(`
> : var lab `outcome'') ///
>                 xlabel(1 "-6" 3 "-4" 5 "-2" 7 "0" 9 "2" 11 "4" 13 "6") xline(
> 6.5 7.5, lcolor(black) lpattern(dot))
 82.         graph export ../output/pooled_did_`outcome'_`time'_`geo_var'_`int_
> mvd'.pdf, replace
 83.         * Coef plot with shift
.         qui sum `outcome' if inrange(t, 0, `num_periods' - 1)
 84.         local target_mean = r(mean)
 85.         preserve
 86.             coefplot, omitted vertical baselevels gen ///
>                         drop(_cons 0.t 1000.t *.`time' *.`geo_var' `control_v
> ars' ${controls})
 87.             qui sum __b
 88.             local coef_mean = r(mean)
 89.         restore 
 90.         local yshift = `target_mean' - `coef_mean'
 91.         coefplot, vertical baselevels graphregion(color(white)) bgcolor(wh
> ite) ///
>                 drop(_cons 0.t 1000.t *.`time' *.`geo_var' `all_controls') //
> /
>             transform(*= "@ + `yshift'") yline(`target_mean', lpattern(dashed
> )) ///
>                 xtitle("`time_label' relative to IS implementation") ytitle(`
> : var lab `outcome'') ///
>                 xlabel(1 "-6" 3 "-4" 5 "-2" 7 "0" 9 "2" 11 "4" 13 "6") xline(
> 6.5 7.5, lcolor(black) lpattern(dot))
 92.                 
.         graph export ../output/pooled_did_shift_`outcome'_`time'_`geo_var'_`i
> nt_mvd'.pdf, replace
 93. end

. 
. main
(28 observations deleted)
(10,862 observations deleted)
(note: variable depar was byte, now float to accommodate using data's values)

    Result                           # of obs.
    -----------------------------------------
    not matched                             0
    matched                             3,876  (_merge==3)
    -----------------------------------------
(646 real changes made)
(442 missing values generated)
(68 real changes made)
(68 real changes made)
(136 real changes made)
(68 real changes made)
(68 real changes made)
(272 observations deleted)
(374 real changes made)
(96 real changes made)
(124 real changes made)
(238 missing values generated)
(170 missing values generated)
(file ../output/pooled_did_births.pdf written in PDF format)
(204 observations deleted)
(note:  named style dashed not found in class linepattern, default attributes
    used)
(file ../output/pooled_es_births_t.pdf written in PDF format)
(file ../output/pooled_es_births_anio_sem.pdf written in PDF format)
(69 real changes made)
(547 observations deleted)
(3 missing values generated)
(136 real changes made)
(33 real changes made)
(50 real changes made)

          t |      Freq.     Percent        Cum.
------------+-----------------------------------
          0 |         37       26.62       26.62
          1 |          4        2.88       29.50
          2 |          4        2.88       32.37
          3 |          4        2.88       35.25
          4 |          4        2.88       38.13
          5 |          4        2.88       41.01
          6 |          4        2.88       43.88
          7 |          4        2.88       46.76
          8 |          4        2.88       49.64
          9 |          4        2.88       52.52
         10 |          4        2.88       55.40
         11 |          4        2.88       58.27
         12 |          4        2.88       61.15
         13 |          4        2.88       64.03
       1000 |         50       35.97      100.00
------------+-----------------------------------
      Total |        139      100.00

       dpto |      Freq.     Percent        Cum.
------------+-----------------------------------
          3 |         35       25.18       25.18
          8 |         35       25.18       50.36
         13 |         35       25.18       75.54
         16 |         34       24.46      100.00
------------+-----------------------------------
      Total |        139      100.00

Linear regression                               Number of obs     =        136
                                                F(16, 33)         =          .
                                                Prob > F          =          .
                                                R-squared         =     0.9943
                                                Root MSE          =      120.3

                              (Std. Err. adjusted for 34 clusters in anio_sem)
------------------------------------------------------------------------------
             |               Robust
      births |      Coef.   Std. Err.      t    P>|t|     [95% Conf. Interval]
-------------+----------------------------------------------------------------
           t |
          0  |  -158.9853   49.31725    -3.22   0.003     -259.322   -58.64863
          1  |  -16.67084    42.2504    -0.39   0.696    -102.6299    69.28825
          2  |  -43.10818   42.98096    -1.00   0.323    -130.5536    44.33724
          3  |   -26.5419   54.52712    -0.49   0.630    -137.4782    84.39437
          4  |   19.65951   42.62056     0.46   0.648    -67.05268    106.3717
          5  |  -13.31653   44.25486    -0.30   0.765    -103.3537    76.72066
          7  |  -70.42218   33.44437    -2.11   0.043    -138.4653   -2.379093
          8  |    -46.792   36.73166    -1.27   0.212    -121.5231    27.93913
          9  |  -45.19303   41.83995    -1.08   0.288     -130.317    39.93099
         10  |  -45.61626   89.13694    -0.51   0.612    -226.9667    135.7342
         11  |   -5.33837   39.34594    -0.14   0.893    -85.38829    74.71155
         12  |  -16.66522   52.16453    -0.32   0.751    -122.7947    89.46431
         13  |   55.89564   68.20189     0.82   0.418    -82.86216    194.6534
       1000  |  -78.08094   57.12016    -1.37   0.181    -194.2928     38.1309
             |
    anio_sem |
         79  |      -18.5   5.22e-12 -3.5e+12   0.000        -18.5       -18.5
         80  |      54.75   5.22e-12  1.0e+13   0.000        54.75       54.75
         81  |      -34.5   5.22e-12 -6.6e+12   0.000        -34.5       -34.5
         82  |  -112.9072   15.85972    -7.12   0.000    -145.1741    -80.6404
         83  |  -81.18858   20.65522    -3.93   0.000    -123.2119   -39.16522
         84  |  -100.2217   32.04234    -3.13   0.004    -165.4123   -35.03109
         85  |  -112.0724   22.36647    -5.01   0.000    -157.5773    -66.5675
         86  |   -90.0844   26.48946    -3.40   0.002    -143.9776   -36.19119
         87  |  -160.2427   24.65863    -6.50   0.000     -210.411   -110.0743
         88  |  -107.5316   22.56802    -4.76   0.000    -153.4466    -61.6166
         89  |  -136.5967   23.74076    -5.75   0.000    -184.8976   -88.29573
         90  |  -227.6462   33.79705    -6.74   0.000    -296.4068   -158.8855
         91  |  -335.2632   55.40416    -6.05   0.000    -447.9838   -222.5426
         92  |  -316.5428   36.90772    -8.58   0.000    -391.6321   -241.4534
         93  |  -231.7709   41.81043    -5.54   0.000    -316.8349    -146.707
         94  |  -330.1803   53.64863    -6.15   0.000    -439.3293   -221.0314
         95  |  -339.5887   62.60309    -5.42   0.000    -466.9556   -212.2217
         96  |  -275.5594   63.65739    -4.33   0.000    -405.0713   -146.0475
         97  |  -337.2542   63.17749    -5.34   0.000    -465.7898   -208.7186
         98  |  -314.9177   65.24989    -4.83   0.000    -447.6696   -182.1658
         99  |  -354.8966   66.27959    -5.35   0.000    -489.7434   -220.0498
        100  |  -296.9353   71.63221    -4.15   0.000    -442.6721   -151.1984
        101  |  -329.6623   67.64037    -4.87   0.000    -467.2776   -192.0469
        102  |  -346.9803   68.07789    -5.10   0.000    -485.4858   -208.4748
        103  |  -425.0147   75.89079    -5.60   0.000    -579.4157   -270.6137
        104  |    -306.84   77.99185    -3.93   0.000    -465.5157   -148.1644
        105  |  -340.7583   76.52731    -4.45   0.000    -496.4543   -185.0623
        106  |  -356.1485   78.62536    -4.53   0.000     -516.113    -196.184
        107  |  -292.6544   86.15538    -3.40   0.002    -467.9388     -117.37
        108  |  -277.6544   86.15538    -3.22   0.003    -452.9388     -102.37
        109  |  -291.4044   86.15538    -3.38   0.002    -466.6888     -116.12
        110  |  -289.1544   86.15538    -3.36   0.002    -464.4388     -113.87
        111  |  -322.6544   86.15538    -3.75   0.001    -497.9388     -147.37
             |
        dpto |
          8  |  -3076.525   59.93611   -51.33   0.000    -3198.466   -2954.584
         13  |  -2675.651   59.70738   -44.81   0.000    -2797.127   -2554.176
         16  |  -2818.176    51.9317   -54.27   0.000    -2923.832   -2712.521
             |
       _cons |   3839.324   36.36764   105.57   0.000     3765.333    3913.314
------------------------------------------------------------------------------
(file ../output/pooled_es_births_anio_sem_dpto_int_mvd.pdf written in PDF forma
> t)

Generated variables:
              storage   display    value
variable name   type    format     label      variable label
-------------------------------------------------------------------------------
__by            byte    %9.0g      __by       subgraph ID
__plot          byte    %9.0g      __plot     plot ID
__at            byte    %9.0g                 plot position (category axis)
__mlbl          str1    %9s                   marker label
__mlpos         byte    %9.0g                 marker label position
__b             float   %9.0g                 coefficient
__V             float   %9.0g                 variance
__se            float   %9.0g                 standard error
__t             float   %9.0g                 t or z statistic
__df            byte    %9.0g                 degrees of freedom
__pval          float   %9.0g                 p-value
__ll1           float   %9.0g                 CI1: lower limit
__ul1           float   %9.0g                 CI1: upper limit
(note:  named style dashed not found in class linepattern, default attributes
    used)
(file ../output/pooled_es_shift_births_anio_sem_dpto_int_mvd.pdf written in PDF
>  format)
(1,389,787 observations deleted)
(57,140 real changes made)
(296,262 observations deleted)
(73,060 real changes made)
(8,953 real changes made)
(43,059 real changes made)

          t |      Freq.     Percent        Cum.
------------+-----------------------------------
          0 |     10,590       14.49       14.49
          1 |      1,343        1.84       16.33
          2 |      1,499        2.05       18.38
          3 |      1,440        1.97       20.36
          4 |      1,355        1.85       22.21
          5 |      1,348        1.85       24.06
          6 |      1,453        1.99       26.04
          7 |      1,319        1.81       27.85
          8 |      1,206        1.65       29.50
          9 |      1,241        1.70       31.20
         10 |      1,081        1.48       32.68
         11 |      1,693        2.32       35.00
         12 |      1,786        2.44       37.44
         13 |      2,647        3.62       41.06
       1000 |     43,059       58.94      100.00
------------+-----------------------------------
      Total |     73,060      100.00

       pe1c |      Freq.     Percent        Cum.
------------+-----------------------------------
          3 |     46,803       64.06       64.06
          8 |      5,518        7.55       71.61
         13 |     10,402       14.24       85.85
         16 |     10,337       14.15      100.00
------------+-----------------------------------
      Total |     73,060      100.00
(4,466 real changes made)

Iteration 0:   log pseudolikelihood = -2778337.6  
Iteration 1:   log pseudolikelihood = -2742187.9  
Iteration 2:   log pseudolikelihood = -2742172.2  
Iteration 3:   log pseudolikelihood = -2742172.2  

Logistic regression                             Number of obs     =     67,972
                                                Wald chi2(23)     =          .
                                                Prob > chi2       =          .
Log pseudolikelihood = -2742172.2               Pseudo R2         =     0.0130

                              (Std. Err. adjusted for 36 clusters in anio_sem)
------------------------------------------------------------------------------
             |               Robust
     trabajo |      Coef.   Std. Err.      z    P>|z|     [95% Conf. Interval]
-------------+----------------------------------------------------------------
           t |
          0  |    .221404   .1119467     1.98   0.048     .0019924    .4408156
          1  |   .3427445   .1307825     2.62   0.009     .0864155    .5990735
          2  |   .2585062   .1056813     2.45   0.014     .0513747    .4656378
          3  |   .1142811   .1161503     0.98   0.325    -.1133694    .3419315
          4  |   .2419588   .1208797     2.00   0.045     .0050389    .4788787
          5  |    .148063   .1057602     1.40   0.162    -.0592232    .3553493
          7  |   .0996755    .098357     1.01   0.311    -.0931007    .2924517
          8  |   .2725001   .1119948     2.43   0.015     .0529943     .492006
          9  |   .3376658   .1668371     2.02   0.043      .010671    .6646605
         10  |   .3312428   .1724384     1.92   0.055    -.0067302    .6692158
         11  |   .1629899   .1008591     1.62   0.106    -.0346904    .3606701
         12  |   .0896833   .1093209     0.82   0.412    -.1245818    .3039484
         13  |   .2439766   .1271158     1.92   0.055    -.0051659     .493119
       1000  |   .1807651   .0970895     1.86   0.063    -.0095267    .3710569
             |
    anio_sem |
         77  |  -.0112502   .0008233   -13.66   0.000    -.0128639   -.0096365
         78  |   .0413734   .0008371    49.43   0.000     .0397328     .043014
         79  |   .0621577   .0009382    66.25   0.000     .0603189    .0639965
         80  |   .0043619   .0011338     3.85   0.000     .0021396    .0065841
         81  |  -.1344652   .0013786   -97.54   0.000    -.1371673   -.1317631
         82  |  -.1305154   .0746726    -1.75   0.080    -.2768711    .0158402
         83  |   -.164453   .0462398    -3.56   0.000    -.2550814   -.0738246
         84  |   .0050829    .055321     0.09   0.927    -.1033443      .11351
         85  |  -.3003238   .0619529    -4.85   0.000    -.4217494   -.1788983
         86  |  -.1515411   .0520785    -2.91   0.004    -.2536131   -.0494692
         87  |  -.0576479   .0853354    -0.68   0.499    -.2249022    .1096064
         88  |  -.1199914   .0416674    -2.88   0.004    -.2016581   -.0383247
         89  |  -.1677097   .0575682    -2.91   0.004    -.2805412   -.0548781
         90  |   -.146355   .0893435    -1.64   0.101    -.3214651    .0287551
         91  |    -.11354   .1233062    -0.92   0.357    -.3552158    .1281357
         92  |   .0685144   .0476979     1.44   0.151    -.0249718    .1620006
         93  |   .1136588   .0636987     1.78   0.074    -.0111884     .238506
         94  |   .0337338    .090427     0.37   0.709    -.1434999    .2109674
         95  |   .1677854   .0777078     2.16   0.031     .0154809    .3200898
         96  |   .2584393   .0788456     3.28   0.001     .1039049    .4129738
         97  |   .3964738   .0768887     5.16   0.000     .2457747     .547173
         98  |    .347067   .0781588     4.44   0.000     .1938786    .5002553
         99  |   .3760801   .0813107     4.63   0.000     .2167139    .5354462
        100  |   .3311163   .0784522     4.22   0.000     .1773527    .4848798
        101  |   .4342812   .0778358     5.58   0.000     .2817259    .5868365
        102  |   .5016976   .0805526     6.23   0.000     .3438174    .6595779
        103  |   .4612381   .0821969     5.61   0.000     .3001351    .6223411
        104  |   .3250616   .0802882     4.05   0.000     .1676997    .4824236
        105  |   .4051638   .0818578     4.95   0.000     .2447255    .5656021
        106  |   .3851091    .082049     4.69   0.000      .224296    .5459221
        107  |   .3987972   .0857308     4.65   0.000      .230768    .5668264
        108  |   .4190955   .0854901     4.90   0.000      .251538    .5866531
        109  |    .444264    .085571     5.19   0.000     .2765479      .61198
        110  |   .3608492   .0854127     4.22   0.000     .1934435     .528255
        111  |   .3844495   .0859106     4.47   0.000     .2160677    .5528312
             |
    loc_code |
     303023  |   .1304716   .0839755     1.55   0.120    -.0341174    .2950607
     303050  |  -.0519981   .0603698    -0.86   0.389    -.1703207    .0663246
     330020  |  -.1973361   .0551744    -3.58   0.000     -.305476   -.0891963
     808220  |  -.1463157    .079321    -1.84   0.065     -.301782    .0091507
     834050  |   .0319569   .0933575     0.34   0.732    -.1510204    .2149343
    1313020  |  -.3633387   .0667045    -5.45   0.000     -.494077   -.2326003
    1331050  |  -.9113606    .084538   -10.78   0.000    -1.077052   -.7456691
    1616021  |   .0378027    .056632     0.67   0.504     -.073194    .1487994
    1630020  |  -.3621476   .0643163    -5.63   0.000    -.4882052     -.23609
    1632050  |   .0838169   .0811843     1.03   0.302    -.0753014    .2429351
             |
       _cons |   .0649181   .1201657     0.54   0.589    -.1706024    .3004385
------------------------------------------------------------------------------
(file ../output/pooled_es_trabajo_anio_sem_loc_code_int_mvd.pdf written in PDF 
> format)

Generated variables:
              storage   display    value
variable name   type    format     label      variable label
-------------------------------------------------------------------------------
__by            byte    %9.0g      __by       subgraph ID
__plot          byte    %9.0g      __plot     plot ID
__at            byte    %9.0g                 plot position (category axis)
__mlbl          str1    %9s                   marker label
__mlpos         byte    %9.0g                 marker label position
__b             float   %9.0g                 coefficient
__V             float   %9.0g                 variance
__se            float   %9.0g                 standard error
__t             float   %9.0g                 t or z statistic
__df            byte    %9.0g                 degrees of freedom
__pval          float   %9.0g                 p-value
__ll1           float   %9.0g                 CI1: lower limit
__ul1           float   %9.0g                 CI1: upper limit
(note:  named style dashed not found in class linepattern, default attributes
    used)
(file ../output/pooled_es_shift_trabajo_anio_sem_loc_code_int_mvd.pdf written i
> n PDF format)
(1,389,787 observations deleted)
(146,854 observations deleted)
(33,691 real changes made)
(180,198 observations deleted)
(42,270 real changes made)
(4,555 real changes made)
(26,537 real changes made)

          t |      Freq.     Percent        Cum.
------------+-----------------------------------
          0 |      5,356       12.67       12.67
          1 |        720        1.70       14.37
          2 |        775        1.83       16.21
          3 |        747        1.77       17.97
          4 |        690        1.63       19.61
          5 |        687        1.63       21.23
          6 |        746        1.76       23.00
          7 |        672        1.59       24.59
          8 |        651        1.54       26.13
          9 |        696        1.65       27.77
         10 |        603        1.43       29.20
         11 |        921        2.18       31.38
         12 |        970        2.29       33.67
         13 |      1,499        3.55       37.22
       1000 |     26,537       62.78      100.00
------------+-----------------------------------
      Total |     42,270      100.00

       pe1c |      Freq.     Percent        Cum.
------------+-----------------------------------
          3 |     27,546       65.17       65.17
          8 |      3,269        7.73       72.90
         13 |      5,310       12.56       85.46
         16 |      6,145       14.54      100.00
------------+-----------------------------------
      Total |     42,270      100.00
(2,712 real changes made)
(sum of wgt is   2.2826e+06)

Linear regression                               Number of obs     =     39,181
                                                F(23, 35)         =          .
                                                Prob > F          =          .
                                                R-squared         =     0.0060
                                                Root MSE          =     16.904

                              (Std. Err. adjusted for 36 clusters in anio_sem)
------------------------------------------------------------------------------
             |               Robust
horas_trab~o |      Coef.   Std. Err.      t    P>|t|     [95% Conf. Interval]
-------------+----------------------------------------------------------------
           t |
          0  |   3.848587   1.418526     2.71   0.010     .9688269    6.728348
          1  |   3.418596   1.380512     2.48   0.018     .6160084    6.221184
          2  |   2.196044   1.740636     1.26   0.215    -1.337635    5.729724
          3  |   .5633651   2.167974     0.26   0.796    -3.837855    4.964585
          4  |   1.221423   1.445717     0.84   0.404    -1.713539    4.156385
          5  |   1.629521   1.575746     1.03   0.308    -1.569413    4.828454
          7  |    2.66146   1.539656     1.73   0.093    -.4642084    5.787128
          8  |  -.1851396   1.629809    -0.11   0.910    -3.493827    3.123548
          9  |   3.339803   1.280872     2.61   0.013     .7394941    5.940112
         10  |   4.743162   1.446818     3.28   0.002     1.805965    7.680359
         11  |   3.378012   1.462717     2.31   0.027     .4085382    6.347486
         12  |   3.667438   1.561478     2.35   0.025     .4974694    6.837406
         13  |   3.556678   1.363455     2.61   0.013     .7887173    6.324639
       1000  |   2.435572   1.256596     1.94   0.061    -.1154524    4.986597
             |
    anio_sem |
         77  |  -1.676906   .0198316   -84.56   0.000    -1.717167   -1.636646
         78  |  -.8078096   .0231219   -34.94   0.000    -.8547495   -.7608697
         79  |  -1.551298   .0124833  -124.27   0.000    -1.576641   -1.525956
         80  |  -1.624176    .015026  -108.09   0.000    -1.654681   -1.593672
         81  |  -3.247759   .0288703  -112.49   0.000    -3.306369   -3.189149
         82  |  -1.765266   .4668775    -3.78   0.001    -2.713078   -.8174543
         83  |  -1.709839   1.083558    -1.58   0.124    -3.909577    .4899001
         84  |   1.564854   1.197043     1.31   0.200    -.8652717    3.994979
         85  |  -1.123977   .6459689    -1.74   0.091    -2.435364    .1874098
         86  |  -1.250346   .8857026    -1.41   0.167    -3.048418     .547726
         87  |   1.477447   1.053995     1.40   0.170    -.6622765    3.617171
         88  |  -1.484995   .8169124    -1.82   0.078    -3.143416    .1734253
         89  |   1.561413    .844802     1.85   0.073    -.1536261    3.276452
         90  |  -2.852655    .622605    -4.58   0.000     -4.11661   -1.588699
         91  |  -4.245425   .7310188    -5.81   0.000    -5.729472   -2.761378
         92  |  -2.850687    .909172    -3.14   0.003    -4.696404   -1.004969
         93  |  -2.265848   .8058981    -2.81   0.008    -3.901908   -.6297883
         94  |   -2.44055   .7589312    -3.22   0.003    -3.981262   -.8998378
         95  |  -2.401148   .9141042    -2.63   0.013    -4.256879   -.5454181
         96  |  -2.039391   .9167154    -2.22   0.033    -3.900423   -.1783602
         97  |  -2.268209   .8744111    -2.59   0.014    -4.043358   -.4930603
         98  |  -.9934924    .905031    -1.10   0.280    -2.830803    .8438182
         99  |  -1.438548   .9242252    -1.56   0.129    -3.314825    .4377289
        100  |  -.3696715   .9148706    -0.40   0.689    -2.226957    1.487614
        101  |   -1.54978   .8852583    -1.75   0.089     -3.34695    .2473902
        102  |  -2.361296   .8899166    -2.65   0.012    -4.167923   -.5546694
        103  |  -1.757728   .8894549    -1.98   0.056    -3.563418    .0479613
        104  |  -1.768038   .9360062    -1.89   0.067    -3.668232    .1321556
        105  |  -1.912622   .9012204    -2.12   0.041    -3.742197   -.0830472
        106  |  -1.700287   .9288471    -1.83   0.076    -3.585947    .1853728
        107  |  -2.264241   .9655707    -2.34   0.025    -4.224454   -.3040285
        108  |  -1.412535   .9626066    -1.47   0.151     -3.36673    .5416607
        109  |  -2.769363   .9676581    -2.86   0.007    -4.733814   -.8049132
        110  |  -1.703328   .9709073    -1.75   0.088    -3.674375    .2677185
        111  |  -2.687541   .9682254    -2.78   0.009    -4.653143   -.7219389
             |
    loc_code |
     303023  |   1.374752   .4933919     2.79   0.009     .3731129    2.376391
     303050  |   1.156181    .625823     1.85   0.073     -.114307     2.42667
     330020  |   2.045229   .4302471     4.75   0.000     1.171781    2.918677
     808220  |   .0405591   .5207413     0.08   0.938    -1.016602     1.09772
     834050  |   1.553921    1.00989     1.54   0.133    -.4962653    3.604107
    1313020  |   1.615104   .5495024     2.94   0.006     .4995551    2.730654
    1331050  |   2.408792    .922759     2.61   0.013     .5354913    4.282092
    1616021  |   2.246044   .6990561     3.21   0.003     .8268844    3.665203
    1630020  |   2.841771    .734016     3.87   0.000      1.35164    4.331903
    1632050  |   3.107474   .8841882     3.51   0.001     1.312476    4.902471
             |
       _cons |   34.41947   1.509293    22.81   0.000     31.35544    37.48349
------------------------------------------------------------------------------
(file ../output/pooled_es_horas_trabajo_anio_sem_loc_code_int_mvd.pdf written i
> n PDF format)

Generated variables:
              storage   display    value
variable name   type    format     label      variable label
-------------------------------------------------------------------------------
__by            byte    %9.0g      __by       subgraph ID
__plot          byte    %9.0g      __plot     plot ID
__at            byte    %9.0g                 plot position (category axis)
__mlbl          str1    %9s                   marker label
__mlpos         byte    %9.0g                 marker label position
__b             float   %9.0g                 coefficient
__V             float   %9.0g                 variance
__se            float   %9.0g                 standard error
__t             float   %9.0g                 t or z statistic
__df            byte    %9.0g                 degrees of freedom
__pval          float   %9.0g                 p-value
__ll1           float   %9.0g                 CI1: lower limit
__ul1           float   %9.0g                 CI1: upper limit
(note:  named style dashed not found in class linepattern, default attributes
    used)
(file ../output/pooled_es_shift_horas_trabajo_anio_sem_loc_code_int_mvd.pdf wri
> tten in PDF format)
(69 real changes made)
(512 observations deleted)
(4 missing values generated)
(170 real changes made)
(36 real changes made)
(68 real changes made)

          t |      Freq.     Percent        Cum.
------------+-----------------------------------
          0 |         41       23.56       23.56
          1 |          5        2.87       26.44
          2 |          5        2.87       29.31
          3 |          5        2.87       32.18
          4 |          5        2.87       35.06
          5 |          5        2.87       37.93
          6 |          5        2.87       40.80
          7 |          5        2.87       43.68
          8 |          5        2.87       46.55
          9 |          5        2.87       49.43
         10 |          5        2.87       52.30
         11 |          5        2.87       55.17
         12 |          5        2.87       58.05
         13 |          5        2.87       60.92
       1000 |         68       39.08      100.00
------------+-----------------------------------
      Total |        174      100.00

       dpto |      Freq.     Percent        Cum.
------------+-----------------------------------
          1 |         35       20.11       20.11
          3 |         35       20.11       40.23
          8 |         35       20.11       60.34
         13 |         35       20.11       80.46
         16 |         34       19.54      100.00
------------+-----------------------------------
      Total |        174      100.00

Linear regression                               Number of obs     =        170
                                                F(17, 33)         =          .
                                                Prob > F          =          .
                                                R-squared         =     0.9976
                                                Root MSE          =     198.84

                              (Std. Err. adjusted for 34 clusters in anio_sem)
------------------------------------------------------------------------------
             |               Robust
      births |      Coef.   Std. Err.      t    P>|t|     [95% Conf. Interval]
-------------+----------------------------------------------------------------
           t |
          0  |   56.51253   37.75254     1.50   0.144    -20.29558    133.3206
          1  |   103.6551    37.3572     2.77   0.009     27.65132    179.6589
          2  |   84.39394   36.39881     2.32   0.027     10.33999    158.4479
          3  |   32.32906   31.02863     1.04   0.305    -30.79916    95.45728
          4  |   113.5544    63.1785     1.80   0.081    -14.98326     242.092
          5  |   39.89869   23.35618     1.71   0.097    -7.619815     87.4172
          7  |  -100.8656   42.25718    -2.39   0.023    -186.8385   -14.89273
          8  |  -69.20828   47.84398    -1.45   0.157    -166.5476    28.13103
          9  |  -146.7251   75.16726    -1.95   0.059     -299.654    6.203863
         10  |  -146.0688   55.29103    -2.64   0.013    -258.5593   -33.57835
         11  |  -133.2106   43.70615    -3.05   0.005    -222.1314   -44.28973
         12  |  -109.5471   79.03633    -1.39   0.175    -270.3477    51.25352
         13  |  -126.9214    79.7668    -1.59   0.121    -289.2082    35.36539
       1000  |  -278.7799   41.07962    -6.79   0.000     -362.357   -195.2027
             |
    anio_sem |
         79  |       48.4   3.12e-12  1.6e+13   0.000         48.4        48.4
         80  |      111.4   3.09e-12  3.6e+13   0.000        111.4       111.4
         81  |        -58   3.13e-12 -1.9e+13   0.000          -58         -58
         82  |  -44.48554   19.46992    -2.28   0.029    -84.09739   -4.873696
         83  |  -23.32884   22.80484    -1.02   0.314    -69.72564    23.06795
         84  |  -56.48992    19.1876    -2.94   0.006    -95.52738   -17.45246
         85  |  -14.42509   40.77279    -0.35   0.726    -97.37795    68.52776
         86  |   -46.0317   20.68476    -2.23   0.033    -88.11516   -3.948232
         87  |  -107.4925   22.65152    -4.75   0.000    -153.5773   -61.40761
         88  |  -72.97312   29.73877    -2.45   0.020    -133.4771   -12.46914
         89  |  -78.16752   30.42132    -2.57   0.015    -140.0602   -16.27487
         90  |  -203.8574   55.94347    -3.64   0.001    -317.6753   -90.03959
         91  |  -209.8797   40.76423    -5.15   0.000    -292.8152   -126.9443
         92  |  -202.9424   38.61087    -5.26   0.000    -281.4968    -124.388
         93  |  -51.72753   52.93195    -0.98   0.336    -159.4184    55.96334
         94  |  -128.3765   62.73526    -2.05   0.049    -256.0124   -.7406729
         95  |  -161.4781   51.39218    -3.14   0.004    -266.0363   -56.91989
         96  |  -54.88536   50.06567    -1.10   0.281    -156.7447      46.974
         97  |  -100.5573   54.37121    -1.85   0.073    -211.1764    10.06176
         98  |  -80.35763   52.24854    -1.54   0.134    -186.6581    25.94282
         99  |  -39.07453    56.9318    -0.69   0.497    -154.9032    76.75408
        100  |   27.36733   55.38338     0.49   0.624      -85.311    140.0457
        101  |   28.46422   53.94133     0.53   0.601    -81.28024    138.2087
        102  |   18.83488   59.04442     0.32   0.752    -101.2919    138.9617
        103  |   38.17849   59.17854     0.65   0.523    -82.22116    158.5781
        104  |   160.9785   60.78579     2.65   0.012     37.30891    284.6482
        105  |   113.6458   60.59787     1.88   0.070    -9.641462    236.9331
        106  |   164.1207   63.05318     2.60   0.014     35.83804    292.4034
        107  |   198.4924   65.57326     3.03   0.005     65.08259    331.9022
        108  |   232.8924   65.57326     3.55   0.001     99.48259    366.3022
        109  |   204.8924   65.57326     3.12   0.004     71.48259    338.3022
        110  |   246.0924   65.57326     3.75   0.001     112.6826    379.5022
        111  |   161.0924   65.57326     2.46   0.019     27.68259    294.5022
             |
        dpto |
          3  |  -5865.882   90.54336   -64.79   0.000    -6050.094   -5681.671
          8  |  -9052.577   60.96436  -148.49   0.000     -9176.61   -8928.544
         13  |  -8688.427   58.37791  -148.83   0.000    -8807.197   -8569.656
         16  |  -8684.059   77.79881  -111.62   0.000    -8842.342   -8525.776
             |
       _cons |   9555.077   68.70815   139.07   0.000     9415.289    9694.864
------------------------------------------------------------------------------
(file ../output/pooled_es_births_anio_sem_dpto_all.pdf written in PDF format)

Generated variables:
              storage   display    value
variable name   type    format     label      variable label
-------------------------------------------------------------------------------
__by            byte    %9.0g      __by       subgraph ID
__plot          byte    %9.0g      __plot     plot ID
__at            byte    %9.0g                 plot position (category axis)
__mlbl          str1    %9s                   marker label
__mlpos         byte    %9.0g                 marker label position
__b             float   %9.0g                 coefficient
__V             float   %9.0g                 variance
__se            float   %9.0g                 standard error
__t             float   %9.0g                 t or z statistic
__df            byte    %9.0g                 degrees of freedom
__pval          float   %9.0g                 p-value
__ll1           float   %9.0g                 CI1: lower limit
__ul1           float   %9.0g                 CI1: upper limit
(note:  named style dashed not found in class linepattern, default attributes
    used)
(file ../output/pooled_es_shift_births_anio_sem_dpto_all.pdf written in PDF for
> mat)
(1,389,787 observations deleted)
(57,140 real changes made)
(118,067 observations deleted)
(251,255 real changes made)
(24,916 real changes made)
(144,673 real changes made)

          t |      Freq.     Percent        Cum.
------------+-----------------------------------
          0 |     29,910       11.90       11.90
          1 |      4,704        1.87       13.78
          2 |      4,881        1.94       15.72
          3 |      4,808        1.91       17.63
          4 |      4,525        1.80       19.43
          5 |      4,463        1.78       21.21
          6 |      4,594        1.83       23.04
          7 |      4,495        1.79       24.83
          8 |      4,364        1.74       26.56
          9 |      4,361        1.74       28.30
         10 |      4,166        1.66       29.96
         11 |     11,181        4.45       34.41
         12 |     11,246        4.48       38.88
         13 |      8,884        3.54       42.42
       1000 |    144,673       57.58      100.00
------------+-----------------------------------
      Total |    251,255      100.00

       pe1c |      Freq.     Percent        Cum.
------------+-----------------------------------
          1 |    178,195       70.92       70.92
          3 |     46,803       18.63       89.55
          8 |      5,518        2.20       91.75
         13 |     10,402        4.14       95.89
         16 |     10,337        4.11      100.00
------------+-----------------------------------
      Total |    251,255      100.00
(14,558 real changes made)

Iteration 0:   log pseudolikelihood = -9191085.9  
Iteration 1:   log pseudolikelihood =   -9072771  
Iteration 2:   log pseudolikelihood = -9072643.7  
Iteration 3:   log pseudolikelihood = -9072643.7  

Logistic regression                             Number of obs     =    236,535
                                                Wald chi2(24)     =          .
                                                Prob > chi2       =          .
Log pseudolikelihood = -9072643.7               Pseudo R2         =     0.0129

                              (Std. Err. adjusted for 36 clusters in anio_sem)
------------------------------------------------------------------------------
             |               Robust
     trabajo |      Coef.   Std. Err.      z    P>|z|     [95% Conf. Interval]
-------------+----------------------------------------------------------------
           t |
          0  |   .1685518   .0682127     2.47   0.013     .0348574    .3022462
          1  |   .2474827   .0919879     2.69   0.007     .0671897    .4277757
          2  |   .2028281   .0708872     2.86   0.004     .0638918    .3417643
          3  |   .0428718    .068082     0.63   0.529    -.0905664    .1763101
          4  |   .2091398   .0726035     2.88   0.004     .0668394    .3514401
          5  |   .0872659   .0923618     0.94   0.345    -.0937598    .2682917
          7  |   .0796304   .0522781     1.52   0.128    -.0228328    .1820937
          8  |   .2302417   .0670238     3.44   0.001     .0988774     .361606
          9  |   .2576082    .110417     2.33   0.020     .0411949    .4740214
         10  |   .2230274   .1229774     1.81   0.070    -.0180038    .4640586
         11  |   .0617937   .0550675     1.12   0.262    -.0461367     .169724
         12  |    .053438   .0769866     0.69   0.488     -.097453     .204329
         13  |    .176488   .0815481     2.16   0.030     .0166568    .3363193
       1000  |   .1003158   .0600853     1.67   0.095    -.0174492    .2180808
             |
    anio_sem |
         77  |   .0334481    .000228   146.67   0.000     .0330012    .0338951
         78  |  -.0348502   .0002432  -143.32   0.000    -.0353268   -.0343736
         79  |  -.0050198   .0002561   -19.60   0.000    -.0055218   -.0045178
         80  |   -.026854   .0003072   -87.41   0.000    -.0274561   -.0262518
         81  |  -.0850662   .0003862  -220.28   0.000    -.0858231   -.0843094
         82  |  -.1477847   .0780867    -1.89   0.058    -.3008318    .0052624
         83  |   -.153838   .0593408    -2.59   0.010    -.2701438   -.0375322
         84  |  -.0265508   .0555905    -0.48   0.633    -.1355061    .0824046
         85  |  -.3149876   .0602167    -5.23   0.000    -.4330102   -.1969651
         86  |  -.2088695   .0852468    -2.45   0.014    -.3759502   -.0417888
         87  |  -.0175257   .0637801    -0.27   0.783    -.1425323    .1074809
         88  |  -.0814248   .0406652    -2.00   0.045     -.161127   -.0017225
         89  |  -.2003339   .0583983    -3.43   0.001    -.3147925   -.0858752
         90  |  -.2275787   .0818307    -2.78   0.005    -.3879639   -.0671935
         91  |  -.0912141   .1148652    -0.79   0.427    -.3163457    .1339175
         92  |   .0643434   .0491549     1.31   0.191    -.0319984    .1606852
         93  |   .1343488   .0751841     1.79   0.074    -.0130092    .2817069
         94  |   .0617903   .0814936     0.76   0.448    -.0979342    .2215147
         95  |   .1860761   .0788977     2.36   0.018     .0314395    .3407128
         96  |   .2332081   .0790013     2.95   0.003     .0783685    .3880478
         97  |   .3360423   .0785012     4.28   0.000     .1821827    .4899019
         98  |   .2777848   .0790694     3.51   0.000     .1228116     .432758
         99  |   .3652578   .0789062     4.63   0.000     .2106045    .5199111
        100  |   .3702364   .0787414     4.70   0.000     .2159061    .5245668
        101  |   .4048718   .0788766     5.13   0.000     .2502765     .559467
        102  |   .4644328    .078808     5.89   0.000     .3099719    .6188936
        103  |   .5258332   .0792464     6.64   0.000     .3705131    .6811534
        104  |    .396221   .0798114     4.96   0.000     .2397936    .5526484
        105  |   .4183889   .0802682     5.21   0.000     .2610662    .5757116
        106  |   .3845041   .0801302     4.80   0.000     .2274519    .5415563
        107  |   .4246061   .0814573     5.21   0.000     .2649528    .5842595
        108  |   .4227317   .0814309     5.19   0.000       .26313    .5823334
        109  |   .4432768   .0814297     5.44   0.000     .2836775    .6028762
        110  |   .4120521   .0814161     5.06   0.000     .2524794    .5716248
        111  |   .3982507   .0815638     4.88   0.000     .2383886    .5581127
             |
    loc_code |
     303022  |  -.1370951   .0436683    -3.14   0.002    -.2226834   -.0515067
     303023  |  -.0133001   .0522057    -0.25   0.799    -.1156214    .0890212
     303050  |  -.1941637   .0358972    -5.41   0.000    -.2645209   -.1238064
     330020  |  -.3374762   .0157703   -21.40   0.000    -.3683853    -.306567
     808220  |  -.2939608   .0542915    -5.41   0.000    -.4003702   -.1875513
     834050  |  -.1162964   .0826749    -1.41   0.160    -.2783362    .0457434
    1313020  |   -.511297   .0357888   -14.29   0.000    -.5814418   -.4411523
    1331050  |  -1.059379   .0617818   -17.15   0.000     -1.18047   -.9382893
    1616021  |  -.1033664   .0334846    -3.09   0.002     -.168995   -.0377378
    1630020  |  -.5020805   .0398528   -12.60   0.000    -.5801906   -.4239704
    1632050  |  -.0570392   .0706027    -0.81   0.419    -.1954179    .0813396
             |
       _cons |   .2748708   .0660781     4.16   0.000     .1453602    .4043815
------------------------------------------------------------------------------
(file ../output/pooled_es_trabajo_anio_sem_loc_code_all.pdf written in PDF form
> at)

Generated variables:
              storage   display    value
variable name   type    format     label      variable label
-------------------------------------------------------------------------------
__by            byte    %9.0g      __by       subgraph ID
__plot          byte    %9.0g      __plot     plot ID
__at            byte    %9.0g                 plot position (category axis)
__mlbl          str1    %9s                   marker label
__mlpos         byte    %9.0g                 marker label position
__b             float   %9.0g                 coefficient
__V             float   %9.0g                 variance
__se            float   %9.0g                 standard error
__t             float   %9.0g                 t or z statistic
__df            byte    %9.0g                 degrees of freedom
__pval          float   %9.0g                 p-value
__ll1           float   %9.0g                 CI1: lower limit
__ul1           float   %9.0g                 CI1: upper limit
(note:  named style dashed not found in class linepattern, default attributes
    used)
(file ../output/pooled_es_shift_trabajo_anio_sem_loc_code_all.pdf written in PD
> F format)
(1,389,787 observations deleted)
(146,854 observations deleted)
(33,691 real changes made)
(65,685 observations deleted)
(156,783 real changes made)
(14,327 real changes made)
(95,718 real changes made)

          t |      Freq.     Percent        Cum.
------------+-----------------------------------
          0 |     17,156       10.94       10.94
          1 |      2,731        1.74       12.68
          2 |      2,767        1.76       14.45
          3 |      2,691        1.72       16.17
          4 |      2,459        1.57       17.73
          5 |      2,383        1.52       19.25
          6 |      2,567        1.64       20.89
          7 |      2,534        1.62       22.51
          8 |      2,495        1.59       24.10
          9 |      2,501        1.60       25.69
         10 |      2,475        1.58       27.27
         11 |      6,346        4.05       31.32
         12 |      6,571        4.19       35.51
         13 |      5,389        3.44       38.95
       1000 |     95,718       61.05      100.00
------------+-----------------------------------
      Total |    156,783      100.00

       pe1c |      Freq.     Percent        Cum.
------------+-----------------------------------
          1 |    114,513       73.04       73.04
          3 |     27,546       17.57       90.61
          8 |      3,269        2.09       92.69
         13 |      5,310        3.39       96.08
         16 |      6,145        3.92      100.00
------------+-----------------------------------
      Total |    156,783      100.00
(9,639 real changes made)
(sum of wgt is   8.4401e+06)

Linear regression                               Number of obs     =    146,976
                                                F(24, 35)         =          .
                                                Prob > F          =          .
                                                R-squared         =     0.0028
                                                Root MSE          =      15.72

                              (Std. Err. adjusted for 36 clusters in anio_sem)
------------------------------------------------------------------------------
             |               Robust
horas_trab~o |      Coef.   Std. Err.      t    P>|t|     [95% Conf. Interval]
-------------+----------------------------------------------------------------
           t |
          0  |    4.73974   1.739072     2.73   0.010     1.209236    8.270244
          1  |    4.45913   1.678278     2.66   0.012     1.052045    7.866215
          2  |   3.242616   1.967314     1.65   0.108    -.7512442    7.236477
          3  |   1.027245   2.255041     0.46   0.652    -3.550733    5.605222
          4  |   1.882638   1.758553     1.07   0.292    -1.687415    5.452691
          5  |   2.546078   1.740721     1.46   0.152    -.9877736     6.07993
          7  |   3.191903    1.64639     1.94   0.061    -.1504464    6.534252
          8  |   .4160895   1.846698     0.23   0.823    -3.332907    4.165086
          9  |   3.816544    1.51772     2.51   0.017     .7354094    6.897679
         10  |   5.323474   1.674514     3.18   0.003     1.924029    8.722919
         11  |   3.987157   1.820944     2.19   0.035     .2904435     7.68387
         12  |   3.449973   1.796313     1.92   0.063    -.1967358    7.096683
         13  |   4.221445   1.664089     2.54   0.016      .843165    7.599725
       1000  |    3.02072   1.593669     1.90   0.066    -.2146005    6.256041
             |
    anio_sem |
         77  |  -.9044345   .0051325  -176.22   0.000     -.914854    -.894015
         78  |  -.7452684   .0055081  -135.31   0.000    -.7564503   -.7340864
         79  |  -.3553911   .0028315  -125.51   0.000    -.3611393   -.3496428
         80  |  -.7156687   .0037989  -188.39   0.000    -.7233808   -.7079565
         81  |  -1.229103   .0071162  -172.72   0.000     -1.24355   -1.214657
         82  |  -.4359347    .505068    -0.86   0.394    -1.461277    .5894079
         83  |  -.0997103   1.229163    -0.08   0.936    -2.595044    2.395624
         84  |    2.57228   1.328776     1.94   0.061     -.125279     5.26984
         85  |   .2839726   .7935026     0.36   0.723    -1.326923    1.894869
         86  |   .2706348   .8807116     0.31   0.760    -1.517305    2.058574
         87  |   1.882673   1.634728     1.15   0.257    -1.436003    5.201348
         88  |  -.7110383   .6434521    -1.11   0.277    -2.017316    .5952389
         89  |   2.868543   .9459174     3.03   0.005     .9482286    4.788858
         90  |  -.4560696   .5471659    -0.83   0.410    -1.566875    .6547361
         91  |   -3.08776   .7795924    -3.96   0.000    -4.670416   -1.505103
         92  |  -1.330424   1.102066    -1.21   0.235    -3.567737    .9068896
         93  |    -.79181   .8787458    -0.90   0.374    -2.575759    .9921388
         94  |  -1.262858   .8203527    -1.54   0.133    -2.928263    .4025461
         95  |  -1.080019   .9723677    -1.11   0.274    -3.054031    .8939921
         96  |  -.5664469   .9775301    -0.58   0.566    -2.550939    1.418045
         97  |  -.4759985   .9624746    -0.49   0.624    -2.429926    1.477929
         98  |   .4936512   .9725006     0.51   0.615     -1.48063    2.467932
         99  |  -.0687053   .9786434    -0.07   0.944    -2.055457    1.918046
        100  |   .4899478   .9739494     0.50   0.618    -1.487275     2.46717
        101  |   .0819886   .9698164     0.08   0.933    -1.886843    2.050821
        102  |   .0996762   .9732887     0.10   0.919    -1.876205    2.075557
        103  |  -.0556315   .9721155    -0.06   0.955    -2.029131    1.917868
        104  |   .1615339   .9846862     0.16   0.871    -1.837485    2.160553
        105  |   .4897239   .9770641     0.50   0.619    -1.493822    2.473269
        106  |  -.3766275   .9837414    -0.38   0.704    -2.373729    1.620474
        107  |  -.1321865   .9949386    -0.13   0.895    -2.152019    1.887646
        108  |    .363713   .9953565     0.37   0.717    -1.656968    2.384394
        109  |  -.6028612   .9967182    -0.60   0.549    -2.626307    1.420584
        110  |  -.1242539   .9977701    -0.12   0.902    -2.149835    1.901327
        111  |  -.4661395   .9972681    -0.47   0.643    -2.490701    1.558422
             |
    loc_code |
     303022  |  -2.393046   .4262934    -5.61   0.000    -3.258467   -1.527624
     303023  |  -.8600407   .3238332    -2.66   0.012    -1.517457   -.2026244
     303050  |  -1.134857   .4257304    -2.67   0.012    -1.999136   -.2705785
     330020  |  -.1804971   .1793113    -1.01   0.321    -.5445185    .1835242
     808220  |  -2.213451   .4815338    -4.60   0.000    -3.191017   -1.235886
     834050  |   -.676516   .8567856    -0.79   0.435    -2.415883    1.062851
    1313020  |  -.6573272   .5182484    -1.27   0.213    -1.709427     .394773
    1331050  |   .1142407   .7954896     0.14   0.887    -1.500689     1.72917
    1616021  |   .0607266   .4220161     0.14   0.886    -.7960116    .9174648
    1630020  |   .6142526   .5383985     1.14   0.262    -.4787544     1.70726
    1632050  |   .9038556   .6768145     1.34   0.190    -.4701508    2.277862
             |
       _cons |   34.50668   1.736276    19.87   0.000     30.98185    38.03151
------------------------------------------------------------------------------
(file ../output/pooled_es_horas_trabajo_anio_sem_loc_code_all.pdf written in PD
> F format)

Generated variables:
              storage   display    value
variable name   type    format     label      variable label
-------------------------------------------------------------------------------
__by            byte    %9.0g      __by       subgraph ID
__plot          byte    %9.0g      __plot     plot ID
__at            byte    %9.0g                 plot position (category axis)
__mlbl          str1    %9s                   marker label
__mlpos         byte    %9.0g                 marker label position
__b             float   %9.0g                 coefficient
__V             float   %9.0g                 variance
__se            float   %9.0g                 standard error
__t             float   %9.0g                 t or z statistic
__df            byte    %9.0g                 degrees of freedom
__pval          float   %9.0g                 p-value
__ll1           float   %9.0g                 CI1: lower limit
__ul1           float   %9.0g                 CI1: upper limit
(note:  named style dashed not found in class linepattern, default attributes
    used)
(file ../output/pooled_es_shift_horas_trabajo_anio_sem_loc_code_all.pdf written
>  in PDF format)
(1,389,837 observations deleted)

 Employment |      Freq.     Percent        Cum.
------------+-----------------------------------
          0 |    146,854       39.77       39.77
          1 |    222,418       60.23      100.00
------------+-----------------------------------
      Total |    369,272      100.00
(341,123 missing values generated)
(7,576 real changes made)
(6,970 real changes made)
(80,643 real changes made)
(57,134 real changes made)
(23,509 real changes made)
(258,166 observations deleted)
2,314 contradictions in 111,106 observations
assertion is false
r(9);

end of do-file
r(9);

 make.py ended: 2018-05-18 17:47:09
